2020/07/08 12:51:33 params:  map[sn:234567]
2020/07/08 12:51:33 params:  map[content:-----BEGIN PUBLIC KEY-----
MIIBCgKCAQEAxjhcYgsS1r7R3uylcOaadxsEf849IR1Anq2lV0OLWRQTcS2lIpno
h28hpMn2wqlmNTWX5/YKU8aKnmzodbjqMV2IgBbdaci2M32QHkIMbd9al97pLltU
bLErX4w4GeMS8HUxvmz1sU6MQeQK3y3/kMCU/8kBXUGWj8L5yugY2DPd3VdqctNi
rg3edpqTy5JenOtAHAOJdJL+lbN/Z/bHzJRhSWeK0WlTqcKrT95aRi2qC0U5Bucq
hB7lcu9V2+4Aen0M6vFhrH48bNJJH7ErSas4gv47KBrw8X1yVsZWFBkAM4kSFwYT
T4/tePHmcEOnGdskl/uGQplTljYo91MOtwIDAQAB
-----END PUBLIC KEY-----
 index:1 token:2819c144d5946404c0516b6f817a960db37d4929]
2020/07/08 12:51:33 params:  map[]
2020/07/08 12:51:33 params:  map[]
2020/07/08 12:51:33 params:  map[content:Fxi9viUi8inGRhqA3Iry8KsorRvrU/bAuh6yK5B9eQOjaZ+OWkd0n0lEFXoel7ULdpKTMvtITJSXwitSZUXJVlckdMOtJzEcZGJa8JOvmmM64JKn/GhZudO3OKoVoqpAZF/GYNW5sU9QRp0Oepvkq3M6Zbpqgfgtfi62g39GjQqJZ30Of5MaqbhW0VKgYz2YnBBU1FRAOT1KW7D4v9jRALzZTNH289ahNsnlyzOp854S4zy1SvgOh9zowOk1XvtO5DDBSLC/KUKtoGIZFIqhy70nec5tqHlxqtV9Yr+GMGMAfx4z2tjXykfrAZUsag2DlpWH5EXpq/16YfbVcCK6mA== level:3 receiver_sn:234567]
2020/07/08 12:51:33 params:  map[content:ggM1Syqc+GXeqaJC/6b/kwq8MHTdKfLsWsAnnlaEDYkqpA1cFDQCBRd23V3tLjlEwEnbAWMdDMdTSCtFyc20NLKlMld8EYcfYN/xqh+d50LkTtX7/+7ad03PN6fsvHY3h9xOGnLHk1y3g5smNMHCUcbmGvf1qhouN4m1C9Roc+bdlCygAvEGo65k3W+J1eLxX4CDPJ3cueH4CwjhRXnKYdUUPpAP2R/GdZNY5Tic9h4cgF9zn0yxEEJeLc2TBDk8oTsXpTjYiezFiOhuj0WY14rrV/d8Wd9CRdVW/THBp/morCyWsYBGm5WhvnWW0mXRBbVLpDjrZijQQzq6Rh3pBg== level:3 receiver_sn:234567]
2020/07/08 12:51:33 params:  map[content:-----BEGIN PUBLIC KEY-----
MIIBCgKCAQEAt/7wUV2rJ4Lnq7mhotSK2ev4RWYCck0S2BYy0hjfyjPqgngXA8CD
z185JQw09wgcnjqwJJ6aSvxjBMhFAyemyRT/jhoiphZiYghTVi2iZhComsKrcap1
8sz3abfdANRqGF3wrxS6DyotnOGvqoDgVRoo3ws/+fKf+5LrYar2v+kqHzT5cKCl
WMyo8oNuDQg6SsCUXrXiqbVD3sOFihIQJJvk2OK7R6rHS7M0O7T/HKawR+qLWXOX
jLJiCQ8fdwQvJ1NFGQlRgNttRPrc4btzNr+3YNWz2AW8pjsoHMZ4pZlVEW2auBkk
XMLNa+vjH5wWYxbELA5RYdaIiFTG4baZtwIDAQAB
-----END PUBLIC KEY-----
 index:2 token:2819c144d5946404c0516b6f817a960db37d4929]
2020/07/08 12:51:33 params:  map[content:YusHkVI6NtKL2fnKlreRvQKIxLSt28kgG+kGvdG3kIm5LyhP5DuFIdavv+KACxYo+UCGmp15AVncB+cvwAFHZp4GA/1S1bl1qzf6hhZHOPUVx13i4eIEmWnmsfHa4mZsqgVKDA57crhzX8MHsIfjPcnEtxXqu9OsTbJ/mMK/zz/1QxmH0zm9k9olsi/qSR78tr8y1Rn7pt/BUPrr36d5smnVm0b/OFHLNfPGpLQWdOyHnyObYBWqjiG4Oo6ltQb/Tov9wM7oWFIpKIYlZ2jLt67xp6P//nXPjUf6GDbs3hmBVLiYDYRFybho6FOG0TnD2X8fY9vTIHPx0SzZtLaQIQ== level:3 receiver_sn:234567]
2020/07/08 12:51:33 params:  map[content:-----BEGIN PUBLIC KEY-----
MIIBCgKCAQEA17iZm8e9R7Xv0xbP+ZwqcMCU4DYhjvrpqjYbHbZwAfuK+ws6Ech3
hiu8jfjjg2qzfFw02qupgqQjoQVkQRFzVIkCzLm62zMYimepYCI/ctOYgHjDH22K
Ls5T4rjpX3ArfbONDZZIrMeUAUgFSSbkSTzHJUio+q2RASwJskxr6bm8teYNtqoM
ua9hY2WKu2ezTD0jm38mZN/xx6sVS17vlsGch3h51O6769073KPB6P/W8RioBOXA
VctWMhCnkTrJHAHs/p8suDnBxlh2psZvw2lEfkJoA3ekh7I+zvSKk1z/toaihTrc
BRrKB3VN7X6h/hM9uX+nKfUViri2KWqIDwIDAQAB
-----END PUBLIC KEY-----
 index:3 token:2819c144d5946404c0516b6f817a960db37d4929]
2020/07/08 12:52:54 params:  map[sn:123456]
2020/07/08 12:52:55 params:  map[content:-----BEGIN PUBLIC KEY-----
MIIBCgKCAQEAtC+y9UrYRTs6kjvSQIw6r9aQB0LviHP8qv9GP0Uo+GUusu10c70/
yo9XFhvPsbKOiGnz5AyAuhQ7s87mZJbr/G2VPr+QUzhKQnHAA0CG+eqsqJMGmrtF
ZG8K/HV97ebtyaKnpvtb1mSCQKwPm3z9iNLrPRmsYSeDQ08YuaWyM95pQFlBXiVf
0kIn9iigO9NHo9tYhS6kl0Q7CIDXTFxmMbyeGseorzCZrj/H6KXxnUbd+MnP+402
JlGVEWKBD4QF+EcaNpKXzE7IBWjpxysCHSwDQff92EvtIyAT2pwJfOgrjT2rcwNF
O1USeLK6GFMAQwwYsMxSdu56LZdMDsiNVwIDAQAB
-----END PUBLIC KEY-----
 index:1 token:a2ab1d0639d501aba7d40fce5a894f2b545ef79b]
2020/07/08 12:52:55 params:  map[]
2020/07/08 12:52:55 params:  map[content:qT7H/7UKoZY0G7O2swZvMGL9movVBAT5LYJDgmuw3fBhvwumkwExquxf61Ue/wvkoKV7cvQua4OyQQyl1jP5n+vyslA4ORV8WMjIVKxwBmtiBCjcU5jyvH91lgY0VotVqr3Za105w/bzkNLXICX+eultCELZe74UknQ3vbZYMJZEGL73BAZTKUmPr9hdPHSwbO7I6pN6rbrFGJVCLUugF9nQ9Djos1oOnaZv97PHzSY7gwXc9uUt4qWjDkMbh09FjnckHF29s906H9ebYDzr6i1vzvL7uP4vwYsssqJXKgVnZmgrghHIb6XIElIHhYsKr49kXwjyJ+9PuShZjbKPhQ== level:3 receiver_sn:123456]
2020/07/08 12:52:55 params:  map[]
2020/07/08 12:52:55 params:  map[content:oszcr4xfOXrM9kZeAFgm/+WElq04yMX7SACZ0CGNYF2kTs7etlg8iiGjpRIBLtyaF4WS4AktbWLZqdG8K+apaUeljyx2r0Jof5IZGch8R9vp98jkazhMwKfJFmnwm6qiYOcMcxqVFd8zQ6wNNJiGHyodcQbeCBFvvNjTr9Z11TZyMx0JRE69SwXLyOu0a4hbDbEwGHHFoudMCPVCzBodKGqSdky4gzOYxlDzRRkWPoLKWylRoq0qG7+EBjnCMtB5lH57FH7JP0AB8w9IQcmC0wLKn8xLnzGV7Qjewb85kYHSMdhVGZ94dA0ipYrG0VzFwjpX/lKSqRdubPlcf/Fo8g== level:3 receiver_sn:123456]
2020/07/08 12:52:55 params:  map[content:-----BEGIN PUBLIC KEY-----
MIIBCgKCAQEA4vp/gdj53d3c5p5Va2p1RymfWBF8Geyy0hsOOXbAePVcGrJT5DxP
VmzLOqAR+VmJoLPQYbBYaFcoz8QnUm0fTNEHkO4e7cWeXy15DV8kEztni9miYzPl
MY6ls1PuEet6prZnWvFPEWIUvuErjxXhIdGyZf1wJ9ARjUKjppOseNpxHwr+0lW1
YUZmGxgxjBdrnhVhXrK9CWHr+9rz40lBs2uggCX3ubBKkrsD1EQfLM9XyBPufMpe
ImdAi+e6WNLjQKvR0hmMs0f03FhSrbMZDeQ3NuXLLVBmQ4/Ig44WlZ8SoeJMFTWY
0RYHmaLKa1ZTkcCJqO74dZ2syySDCFpl/wIDAQAB
-----END PUBLIC KEY-----
 index:2 token:a2ab1d0639d501aba7d40fce5a894f2b545ef79b]
2020/07/08 12:52:55 params:  map[content:OdTz/dHsKUKClRQuDUG/Oelpd1wGAacZxQONjL0HhDLHK2uBnBMQilKvrynkTfF9ALM9B44J6uDBq7UjUVgUZYBZZjRfYvYr7eys/oReYijym7rrl4oBocsfvnMNgKEVTTRZY5X+S3Ilc1GEzDM0vvuDBiuz+jo7XWeB1n/uESdSqclMRzKM+jojPE+vafa7HBGg5hJroDFSOA1/fU/j1iep6I0wiYTUBnwMNLdgOVhNtS+iKuf1DIuasGOBHhECSlUB+yFE46/WxjVf+DyreEapvq5IivrisnhsNLKrYbT47BsHUZqToZPpp/kH1fX1Wy+qjEsB+fTumMskI7OBew== level:3 receiver_sn:123456]
2020/07/08 12:52:55 params:  map[content:-----BEGIN PUBLIC KEY-----
MIIBCgKCAQEAn7TWm75b7mD3QwBd30ucrNSAn+pzpS8ClYV9MZXPmzzbY3iSztRX
5fh2fxOSkPVVStS6ghClHZyy2/r+Hfmuoug59b2+FvMIjVabB0Z9OUDlIS8+GidF
fKIsNSHWAL2nSHb7LQOrCZko0nvsJQVc5+e+bquQNceNfiA9fFTCm1GLFWhyQgKP
YjhV7QHGCHZYqKnlhkJBdF48KJIMAOniJz1JCUbu4i6LMl27JoF2xGb7nPeHUrgz
UrFNRiXmP6gCibHso8rlSoFVnujeUM8H3aoTAx+ohO+LAh1sbXHv7SN8flI+igJ9
OP2KU6QYR+MFol/77/mvLvMhjQgb6lJYnwIDAQAB
-----END PUBLIC KEY-----
 index:3 token:a2ab1d0639d501aba7d40fce5a894f2b545ef79b]
2020/07/08 12:54:22 params:  map[sn:123456]
2020/07/08 12:54:23 params:  map[content:-----BEGIN PUBLIC KEY-----
MIIBCgKCAQEA8ceAwcS6XjBLD5aK7AXLgD79NTb1o5ZaRrxAGf0R/xQSmbvhrMNK
mjJ9BmpFHMPC78j6hnRucU5HmEfK5zVv/DNb73XEHy4s31wkYUiibJgCFsN7wFCr
0YQq19q/yL/K7NRRcsbE473FeY3EoN6oIe9rd4kGePUPb58AvBSlMp7+vLCW5NLU
KgD70eS7yu/haB5qoDWj4QRFu9sMTAMCLcP2g6EW4qUtYR+f1FXUXQodgJaF3x4A
qJbweCNLNqTSTFbs40IzFAt/+3mVXOioYymNOs7M1Yzsv7w6q72jNulXPIMVtfw5
TI+jnXU8Ifaxeg1oXhCbSFVSjBM4nru26QIDAQAB
-----END PUBLIC KEY-----
 index:1 token:a2ab1d0639d501aba7d40fce5a894f2b545ef79b]
2020/07/08 12:54:23 params:  map[]
2020/07/08 12:54:23 params:  map[]
2020/07/08 12:54:23 params:  map[content:rJDW2WOLdS6L6RLAD5P6C6Fb9yr+FqsjDt+6SqvQlRcrYDCgh6jpAW1Kvf/GqNLgh4B/XGXlAUg7AJT7CamWEyRde+fqiMaT1upj61lH7nOzo4XDs6Hk0O2aoFfXgT9Uoy28HuFilcjzSGh1LwbzIenYKEkA9vaSEO/Kao7yLsdt0ahCrV52nyzB45kxIfiKk8tZJ8OgKQDiItusY8ySKaakLkE/yz4MQ5PWYarP7f251/kt0twLm04+twsl62zNbBbV7CrVAmVtMECEmSoD+tazRMXEf48FW21dTmHEnjHojtH3Lr3/www7PDlSJzRA4SoNBVbauc0qeWL0/p5KsA== level:3 receiver_sn:123456]
2020/07/08 12:54:23 params:  map[content:fqrd9NXBi/SYNYEKUKHqOrOWWz4maXF7w3eJvBlpw+Z0jMJ/TKtRKbka9/JcgLaiXoMNnk74kamxmc1ODdEyAVWtaA1NRv0pzlWtwW4d0E15d5x8h2pRA48H/UsI1BGgJ2oQt60fRpcHaQcSfkwsNPUWe644luqfFHmAcJITgreC2MhtrdzY5i8VDCLgQ7jwd1j+XzE7nPT4sF90deZeFAsAUNuqggohMxS3nQ3nxI6fn7cyFfGRcUqWXN0nWtGXC8SNOx8RSR/jKhvOs4KeB01IInZ/QP8NtAFFpMWyvih9pNtiBKXBasiKYSWvuElBx8tbro3cmqncXnRzOx8E6Q== level:3 receiver_sn:123456]
2020/07/08 12:54:23 params:  map[content:rg53lbDP/1HCxEbEaTJCat9Wr2s+e4bLfiC0ExAD7T3WVHJWk/Y73qYMqnMpfw1FLxRzuuaR5ejEvQbMKp0pnFQ0j5URNUIz5iwHsExhYJ9ztC7fukcsa7AS2IfDhVOsDZplx1jiFYOJzlo4ljDILogyI108k+wfsWOcE59w/z1rk1eeZ1i26hovF9zti0VMlSUSmvxrQZrhvouQ52w4m8lMYK8gDx/SFesP2kl+YnVNX5SSTZwi38AzPdf812Abqy5I1Y3cEl8GyIzaWd4yCIIvbtP8EfkIcf7LquTn5OmUIctEmkLWp5hTBAuJ3qii21OA0DehOuGOaIL+MlvgKA== level:3 receiver_sn:123456]
2020/07/08 12:54:23 params:  map[content:-----BEGIN PUBLIC KEY-----
MIIBCgKCAQEAuvHGueuWrT5jhhuEZetHrp2cQ+UrIzouoNlklgvOy0JtwW9qMbeM
BUusLh77ljujTpJvio74bRyc84TZuwhYRnYZ4A803TbHhUfz9SoFd/yDckswHzCN
enVrv+PbJC24WpdYaC45mQuhC4GWj89UF9vqjUHR8gdbPJRbois/tHtsjy0KI08N
LM0PQLeQV40BMkImbMvGtCqXVjPJUaBJYhqoFk3rcWhNYfuHphJEH1IBvnB09q2p
nkLFiTEigNxPkcqU4Oly9MePYDnDUAaEax2XoAZAQVQt393rpCqrbEDCkzhudh00
CcQInDIoIwH2gD/FkC7ZWjEwezTAyanRAwIDAQAB
-----END PUBLIC KEY-----
 index:2 token:a2ab1d0639d501aba7d40fce5a894f2b545ef79b]
2020/07/08 12:54:23 params:  map[content:-----BEGIN PUBLIC KEY-----
MIIBCgKCAQEAuV1UeEMUQ+Yc+rvydCjBFR2hl3h4+cEV2/JvLq3/Ke4t2wUd0Ai7
CfOOf22xJtlVs6rI3fHlFmnJUtfGoxXS9skxXT++6TYFB93Z6E7uSw63/ey3kKPg
RpXkzFHd5x4hJw2I7wkAArxEPeuIADue4A3Pjn4FL9TqqLk2B8FvHPSi/VZIaBtu
J0yO1iIIxzLTmjAlupgTWQlvdgjJXKer14D8B9nxzJZI6xYYYqvVNwLeer8MVq+9
35sqC7HAx7nPCSR0/6oSTfAFd2Dn47weBKxtjFefSwoiORMYQR4l/MJS/IvpKjsl
pb8VdYSJ5sn/SPtYYEmpmlZ3e9YiD/Oi7wIDAQAB
-----END PUBLIC KEY-----
 index:3 token:a2ab1d0639d501aba7d40fce5a894f2b545ef79b]
2020/07/08 12:56:59 params:  map[sn:234567]
2020/07/08 12:57:00 params:  map[content:-----BEGIN PUBLIC KEY-----
MIIBCgKCAQEAwzWOI9yY1TkLw+lLsPxrvh/wEwO3HrAa4wZyJX9h0vApeuKpfJyz
ussM33/3OMR5nWsPzQbxYBstnrwqm0Nyg7uY4vwY5HOrhjLSVcSOkGZ4vtvMWXoB
Ak7r++z8tJZQq4EPfQDKA3UL+K9nmxDJgyivUrY0UyrDbO4Ldj1LDJEz1o8nIL/y
Wpu7ah1mKPj6VyEZwq9cNnqZxq/aejk15whoP++WCABT60e+wtP+4vS2G87fvc1v
0rZbsCjDijUC3K9YhgLCC+DisyHPC/X3zdgmHUAvXfb0X1tSUZt5H42IuwaY2Wuc
YtY+6M1VJ3IljFSfuUaMPHhXnaLpABg6yQIDAQAB
-----END PUBLIC KEY-----
 index:1 token:2819c144d5946404c0516b6f817a960db37d4929]
2020/07/08 12:57:00 params:  map[]
2020/07/08 12:57:00 params:  map[]
2020/07/08 12:57:00 params:  map[content:Ny4n1tuaHUinjZtEXTJSfgIERV9Qq0zLF382L3KfKdIMe4HkqZd4U6CmTI8Za/OuMudSeJKUayBGRY1hWypvI3hLuFqY9bBFC59ux+2aD0FMQt1hDc/uGxBzte9GB/zmqv41B6tld7JJ00yksgyG4bRe8+9B3AreUHbdCED6rSnFyDU1db4q2KYMCNCTihe1Zt9wLHGCzQyXPA33hWJfFksQZ3fOe1sckSNVJdZ5H8h2ZUNUnnaHH1thUbapk3kQnkN/OxN3lrNOKYYTp+Lo1GvRCzJSzQDt9zjocN3N43hVxQFmIrYrR8LembQMJObTq/xV3Stv3pZMptaRolfJaA== level:3 receiver_sn:234567]
2020/07/08 12:57:00 params:  map[content:roPeO0/4MP9cM0fyS9rHZZ2l/vvkfw985sK41w3bf35kIf/yOyKFjBuwql2CjL06Sdw/ezWGBPvkyXY9jynyvM1FCoqT8wwxFfy1MwhYkKKnZYQqXj/Qf55jfm+bFBqvB+E/t/Fj5k8i3XcIaGTLfiFsdGzLRpWgVLt5LJLmQLCKbkr/Ap+hzYkvt8IBVk8Jb3e8BVzHc7iOUlrvOtcweUThWTtOnN0WAy7LFTur2Z4I3Bq0NtvGeocVhq1dBlTt6uwvJvUgQG3T3iodpLYZHKy2V6qtP6A+PeaYH7lHHh2PWf7LYlx4m9UMa8K6cG/S+NA35FguyMF8V1vT/VQvcg== level:3 receiver_sn:234567]
2020/07/08 12:57:00 sended: %s {{0 0001-01-01 00:00:00 +0000 UTC 0001-01-01 00:00:00 +0000 UTC} 123456 234567 roPeO0/4MP9cM0fyS9rHZZ2l/vvkfw985sK41w3bf35kIf/yOyKFjBuwql2CjL06Sdw/ezWGBPvkyXY9jynyvM1FCoqT8wwxFfy1MwhYkKKnZYQqXj/Qf55jfm+bFBqvB+E/t/Fj5k8i3XcIaGTLfiFsdGzLRpWgVLt5LJLmQLCKbkr/Ap+hzYkvt8IBVk8Jb3e8BVzHc7iOUlrvOtcweUThWTtOnN0WAy7LFTur2Z4I3Bq0NtvGeocVhq1dBlTt6uwvJvUgQG3T3iodpLYZHKy2V6qtP6A+PeaYH7lHHh2PWf7LYlx4m9UMa8K6cG/S+NA35FguyMF8V1vT/VQvcg== 3}
2020/07/08 12:57:00 params:  map[content:-----BEGIN PUBLIC KEY-----
MIIBCgKCAQEAz26RC8Mx3Gtg2gdgJzl1BeZNqVqavnRDYm5o5INVtJVQ5F8VhQ9v
VW0XmToxwXuGicIVmyt6DRLkLaqBqOo6I+13bYrWisqkBGW/FZCJdbQ9JGdKgYie
2JdO6Qw2HdrWpAWKcVdKVmEpW+p6s6fk2f5B2ir6YZ2AEUPZTVwcg2Ux/dqu+GXY
QVyhS3lpVSGAJytk+ciPCe7Ymy275H1VpiiojFHa5PWaZ+aKE0uM2rEyM6c8pWeb
G2lwLpeeHYPYiz+loVavREIQT0YhGHtokoJJ/EzzgPyS0di51eUvDYbdR/FhFpco
IujbfzzuvQMBLeKCKICCZbuyPWSySqRKcwIDAQAB
-----END PUBLIC KEY-----
 index:2 token:2819c144d5946404c0516b6f817a960db37d4929]
2020/07/08 12:57:00 params:  map[content:doilJxIsJqVZmVZnDaUNVbVLvQ9hWXZlmU2fj7DYJ17kgo8MiQ6msX5iA3SzzmHFUjpRiYQAEEQeNDKhTaPS5tqe/fCwTOuTcBlMJsW5StEdI0H6Q6XePIN84PMsQRrjpzHf3fu1v9KYhaLwEceRC+OdbLMaTPBe+ii86cvj07qHgAYdN5dB5wQAwoUtFONO37K9gpQGKDpR+egPGunttTvBOkgt7VfIB/PfWLkmgeYvawaemis2s5J46g5bUeDvCMlFDdU+tDtvAnMpHL4ILINMwIitc3TzgKuKdngf3bniGf1ZTuGScWZDnKL4qaQgo7ZvbSOd+jfzgdY6pWzj8Q== level:3 receiver_sn:234567]
2020/07/08 12:57:00 refresh public key: %s {{2 2020-07-07 14:24:40 +0800 CST 2020-07-08 12:57:00.063142 +0800 CST} 123456 2 -----BEGIN PUBLIC KEY-----
MIIBCgKCAQEAz26RC8Mx3Gtg2gdgJzl1BeZNqVqavnRDYm5o5INVtJVQ5F8VhQ9v
VW0XmToxwXuGicIVmyt6DRLkLaqBqOo6I+13bYrWisqkBGW/FZCJdbQ9JGdKgYie
2JdO6Qw2HdrWpAWKcVdKVmEpW+p6s6fk2f5B2ir6YZ2AEUPZTVwcg2Ux/dqu+GXY
QVyhS3lpVSGAJytk+ciPCe7Ymy275H1VpiiojFHa5PWaZ+aKE0uM2rEyM6c8pWeb
G2lwLpeeHYPYiz+loVavREIQT0YhGHtokoJJ/EzzgPyS0di51eUvDYbdR/FhFpco
IujbfzzuvQMBLeKCKICCZbuyPWSySqRKcwIDAQAB
-----END PUBLIC KEY-----
}
2020/07/08 12:57:00 params:  map[content:-----BEGIN PUBLIC KEY-----
MIIBCgKCAQEA7M5BBMNK0MiOm9db6Um/r90HXr6Iry9zgqoa4BPW0mpQKXmznBzB
vPuNETXBwaWznWYltfXAqTcQZiJahwA9eq39nkrZhWR9zN+RSY17Z0qWQ7EZtQgw
a1GM7sOypcqfLfp8oc/DXiNJUeltbvxJGr5vttYj7xscQMgE8ThvI6hePkWalsWh
DJHvjee379cZ3uRO+Exwu55p+T+9X4BnYvImiqjtz6dNRnXffBk/YeuFoaT/lE7T
lGYFNpA8VVtgYthxhm2z6/yaO9zQ/HYGhgaCHgH9V3YYC8bEgSm0jfDWXDsh45de
86zCaOWvpMiXaIUzOqZJQon+enOSUoSTPQIDAQAB
-----END PUBLIC KEY-----
 index:3 token:2819c144d5946404c0516b6f817a960db37d4929]
2020/07/08 12:57:10 params:  map[sn:123456]
2020/07/08 12:57:11 params:  map[content:-----BEGIN PUBLIC KEY-----
MIIBCgKCAQEAlnhk9j0XiM3DVtG6S/CzThUdRRHKU6hKR8cHYYgIncuAt4989Twm
K4eY0hJt3HiKz2BJkwfZlOpPq4Pt0/OLQOWyeIgsbaNLTwGNYBjcySF9Bj6LtYhO
vyajOcH2Cz2grMCZqOC2uqSDGRuZVVdwAoqCn4wueHLnVN+rpSEUe1+HA0VRljlu
z1KZVf/IRdu4A8IQdeKVEdDTPPWVQA4gWBGdMAKoHC2xIJBEdSVwZXM2ejg+PZp1
wCSlegBdnLfGGo5/EET5IZ2J4deJPOdgVec/jZ0tXF6gOAYGBQpNJQC4Wc8f1beW
MDjAO4veZg3VOhVv4N1hxUl0RrDJsoKIcwIDAQAB
-----END PUBLIC KEY-----
 index:1 token:a2ab1d0639d501aba7d40fce5a894f2b545ef79b]
2020/07/08 12:57:11 params:  map[]
2020/07/08 12:57:11 params:  map[]
2020/07/08 12:57:11 params:  map[content:WuuuUcJbRIDWh+/hLf/B/0Ha39rEoZJr1jLBL0OUiBoDwLWs0Grp08DewAoE2+pk0bTV265hf6GFX2uRt82dJr7AGbozqLB3HKhQ4am/h/3JfYPESCrqG6m0IkFLA3jPi8XTQVa1laJISubmw8s4OVoY6zCEKxCG7IT/b229tO8ZN2EjFxNJ0AkW6PXX9/gZvmH7nkfMf69xQ2sr049mK9rEJ51fyga8OCS4v4G9pNQltPkVFqHfGtCm2avz1zqBwIPPY+qV7Epnldc89tbI4v/i4DpLXVKJJYrJM1P9qB53/wWOJ8wji22pAipUqrnJkph2x+v5E3nOOY9tscV1Ow== level:3 receiver_sn:123456]
2020/07/08 12:57:11 params:  map[content:BUdoMgRiB8iV28vlzo85otYXr4uYazgxiDYVY1O6WPU8v0GNn721YmWbJxJYf/+tAyy5JEi/WfyMbFNoBKYAAOIHaINUetzVu5jpwtji/hQPLdOIq/zVVyMqJI6sGxFobOvQslz219gdpDoUgjIDeVZP/9bp7v/2F5eMEh0LnUROafRDtiMRkp47QMXnefW32FikFg0QsjqvtI8QpopfPza7yK+nreRELXQyxLzISsE1Jt2GZ7Hztfuip7MN7naA0Ue0IzOs1TrJ1H2Orr0ccNqZdrOHr/kom/U+ZNRU4nQH6j9ca5GoteuG2dPp0i2rffpNmfmeBEZAcpH+8K9Qhg== level:3 receiver_sn:123456]
2020/07/08 12:57:11 sended: %s {{0 0001-01-01 00:00:00 +0000 UTC 0001-01-01 00:00:00 +0000 UTC} 234567 123456 BUdoMgRiB8iV28vlzo85otYXr4uYazgxiDYVY1O6WPU8v0GNn721YmWbJxJYf/+tAyy5JEi/WfyMbFNoBKYAAOIHaINUetzVu5jpwtji/hQPLdOIq/zVVyMqJI6sGxFobOvQslz219gdpDoUgjIDeVZP/9bp7v/2F5eMEh0LnUROafRDtiMRkp47QMXnefW32FikFg0QsjqvtI8QpopfPza7yK+nreRELXQyxLzISsE1Jt2GZ7Hztfuip7MN7naA0Ue0IzOs1TrJ1H2Orr0ccNqZdrOHr/kom/U+ZNRU4nQH6j9ca5GoteuG2dPp0i2rffpNmfmeBEZAcpH+8K9Qhg== 3}
2020/07/08 12:57:11 params:  map[content:-----BEGIN PUBLIC KEY-----
MIIBCgKCAQEA0xdbH2qFm94U+wUlJlxRmDEvEjm7U6HDHW9ip1zbX7RulzyBAMv7
adV1tGuCoir7Opdqpy2Zu7AX4uDGLptDX4KfdAjk89lm3D6baJLy3vAMTPxm8kUk
okSfzTZxBwVHoPT5FqDaKPC24JhwoK5HTiQdYpZOc525bTKLQUIGqUwMB1Aks58l
qkBscnDKhm6av4N54TBmiJj5tqpOEDzyENXNyfZy/RVEwVG/GtrV88UQ610ZExxM
CEs+MwoByyYoJaveVb0g3jCSk7l+RLEv/snJHOWRdsBu+YlfFl0YQ06tdKlWAcff
+FyBeH4sD1hiKhC1MquO1QjRo30mOXHfxwIDAQAB
-----END PUBLIC KEY-----
 index:2 token:a2ab1d0639d501aba7d40fce5a894f2b545ef79b]
2020/07/08 12:57:11 params:  map[content:lXbHSggqZL0nqAhM2OxE+LlgcmGBmHgBSDAP6y8kX4Soew7C60eFr9BPJP7YWl0VTEDYrOAG8HZZwTNEI5pvJL7qSUQ98HTe1lGQWczmCRUKpK/RiGUM2Xru378ndO/PGpQsFhWWT2OyhuE0qZhY3YW9qZBdPuqwVABx5vrwyn+Cf7MVQyh+1ffvGkuWOa+WKrtIvY7VfUBrPvXfW3nNvP4SExvWzbWN/2LzvCQD3+juGEw2hTX7JMy4Lp5jQqc0SbWjErbL38nL5zbxDUW+BaayX/dcNWmxdp+D40+QVa5fnhNqsJ5HdXfuQAUC5Vjl4Z8hIWsezMNnbBXXRlLVJw== level:3 receiver_sn:123456]
2020/07/08 12:57:11 refresh public key: %s {{5 2020-07-07 14:24:46 +0800 CST 2020-07-08 12:57:11.522279 +0800 CST} 234567 2 -----BEGIN PUBLIC KEY-----
MIIBCgKCAQEA0xdbH2qFm94U+wUlJlxRmDEvEjm7U6HDHW9ip1zbX7RulzyBAMv7
adV1tGuCoir7Opdqpy2Zu7AX4uDGLptDX4KfdAjk89lm3D6baJLy3vAMTPxm8kUk
okSfzTZxBwVHoPT5FqDaKPC24JhwoK5HTiQdYpZOc525bTKLQUIGqUwMB1Aks58l
qkBscnDKhm6av4N54TBmiJj5tqpOEDzyENXNyfZy/RVEwVG/GtrV88UQ610ZExxM
CEs+MwoByyYoJaveVb0g3jCSk7l+RLEv/snJHOWRdsBu+YlfFl0YQ06tdKlWAcff
+FyBeH4sD1hiKhC1MquO1QjRo30mOXHfxwIDAQAB
-----END PUBLIC KEY-----
}
2020/07/08 12:57:11 params:  map[content:-----BEGIN PUBLIC KEY-----
MIIBCgKCAQEAyu5dsq6SCVLuqa9bk3Z93O8+sck9AW+UVtZa8Eu/rBSPuhObfTui
YSgtBYIdfBin+rbO0cXRUgHj4uTmBP0qH8IZurKfSNWjNdd56q58s7Auspn1DSun
GPmdJD7o0t3Sd3YSZpEq5fI7g33i3ESDLasHAm47ZzHH0USDMsb9dMIoDeIAaALV
YEtKyPHwQdL6t6gXcjN4MTSJJ3vpsUGFTckiXJY6lCU8IqPMolChHbns7jPkhTUJ
tbzf4p520iUuO3nvB+FIM0UK0Vq3bxop/bAk/z9IHmA1ubUApl790sUGOwlkyvD8
XHVTv1DeTCKAsfQ3Dh/BBRvOSVAv/FneGQIDAQAB
-----END PUBLIC KEY-----
 index:3 token:a2ab1d0639d501aba7d40fce5a894f2b545ef79b]
2020/07/08 12:59:15 params:  map[sn:234567]
2020/07/08 12:59:15 params:  map[content:-----BEGIN PUBLIC KEY-----
MIIBCgKCAQEAsteDCkfSyjl/N9hT98nqq/6UdkmNyWIfcPUfddHxUvUu5qdu1SXS
H3TUR1jihd/rSyHUV1v9v9Dim4zHFMeR/7bOEv3WGQdEiCmchqZOBMd+viHM2YSF
gRQvHaOR8T5VQGkyTEh029wsjHjDcXHP72ELioXDDybomGB2jh5I/j276OSBKEBk
7jKpfHAaK+yrn9Ntm8BVsuk1DfZozAaJ9YMwUC3qSiONbeolFfq8ojY/Qaak3qRW
YuzBQ9UxsnGCxwkUqniI4w3uo4hPl2XgLXaXKBdQem7/ogA/WzdlA0EuL9+2B+5v
RdVzYVg8yRyzPo5QnEttqOpwQzQ5kvSkkQIDAQAB
-----END PUBLIC KEY-----
 index:1 token:2819c144d5946404c0516b6f817a960db37d4929]
2020/07/08 12:59:15 params:  map[]
2020/07/08 12:59:15 params:  map[]
2020/07/08 12:59:15 params:  map[content:koKOLQH6uA1RazqEXgO6K3u2zPtYWMqPj1Csppa8+1KH+8k/0levFYBmmUkhwCSHFp0iVqAuDM91b5ihvta5sniMXHxdzfiKpBR7u/xpV3p6Cd8BjGkXG6/vqR3UoATb64xp1d4XS3OsU0CUfbJyTvygJKGy7FimVjkxIgiRT2gurLpYVxTxksDcw0h8zpAiJj8bu+P7Ytz1LNZo3NDk3Vrb8qhu4G7f+yDS4vLhLNdoo2Dr9BdosdQWK6aD7X9a4T0pEz+HoxY3JNvZZk4jY6kIlNPiA0t75MvjmBwrrG5KV6hGPfKGLE6avVclx2+YGCaVA3ps3I/V2jg+J2B+Bw== level:3 receiver_sn:234567]
2020/07/08 12:59:15 params:  map[content:KEF23qi3iPi4NsdI4N/DVAZyriz2+VYlb3ZIuEwGEmEnsgeepoSD0yX2kpy2XFlvgPQn+Mzfn/ELqCFpQE2NSB7WaTxn2fgqLw6XRoMnIvx+YfVZ9yWY9tQsFQHUdq0axegBquTHDnkUaqMGpQo2eiTTh/m4h7BjksvJP/O/mp5DV/KTVEbXmvh5YLpRWfEbukbrA+C8fRW7lmU1cqjNuOudJcFcDfIk2Qq0rITApws2Eg/JO3zA8NMcFWS6vs70AngKbnwChUAj54zcPrC9PEyLdFScQnFTsqRMlmb9tiaJf7P+zA8KVKBDLcigfrbnrHbpcfAMntuiDPjU39NIIQ== level:3 receiver_sn:234567]
2020/07/08 12:59:15 params:  map[content:-----BEGIN PUBLIC KEY-----
MIIBCgKCAQEA3GnpJ3VFW3RMr2Sz46R8M2gscQKClIicmF1Na8OC/IK77cMyDb1/
FSJRqEXMzix7y09BO5UnncvNUwzBFfztb6AbIuMF7zVL0m/VziPuZ1gS4tY1ZgQe
+Y1n81JLGa+0cW4zWY/em6GH5MR6MwveOI7iSkkhs/6SiNmsNfW2+jVi4q3DtxZ8
WOklE6OfrklBVFpujvia1XL/rTdGvLwg5B6k+ps7itdSMTc4sYPK6vsCOGrKojZh
ZuCLHIEaB6ZqzUz57pgzI/Ga5zUs4AjtQOg7V6N7s1FX3FwTGeBN97XmDtAhvY42
ofjHBNv5zlznE6KpFiUZA5OG/P1Wkb2l4wIDAQAB
-----END PUBLIC KEY-----
 index:2 token:2819c144d5946404c0516b6f817a960db37d4929]
2020/07/08 12:59:15 sended: %s {{0 0001-01-01 00:00:00 +0000 UTC 0001-01-01 00:00:00 +0000 UTC} 123456 234567 KEF23qi3iPi4NsdI4N/DVAZyriz2+VYlb3ZIuEwGEmEnsgeepoSD0yX2kpy2XFlvgPQn+Mzfn/ELqCFpQE2NSB7WaTxn2fgqLw6XRoMnIvx+YfVZ9yWY9tQsFQHUdq0axegBquTHDnkUaqMGpQo2eiTTh/m4h7BjksvJP/O/mp5DV/KTVEbXmvh5YLpRWfEbukbrA+C8fRW7lmU1cqjNuOudJcFcDfIk2Qq0rITApws2Eg/JO3zA8NMcFWS6vs70AngKbnwChUAj54zcPrC9PEyLdFScQnFTsqRMlmb9tiaJf7P+zA8KVKBDLcigfrbnrHbpcfAMntuiDPjU39NIIQ== 3}
2020/07/08 12:59:15 params:  map[content:ZZ9VGYWR8sXJ6FS2pISslzstTeEikXhrieyytVRrn+Fdxpdri6SrfiIQ3Lh6OAqc/Bxp2aM+Yk+JKPTAJabw5U01ja3ZY1DTFCfJf/Tt9+QUW/pxgpOsVp9lidLDOuetIHWmsluJy/wD0RkI7ebbAySJRnwarPCZZuAP7ZLVXK3xk0WJXxPB4AbmUZME5evdP62eYtj9ZRlkub6UOaduAkthm7QJEXdrZ+q8/Jou6m3X7VG/NP/k6d5FVhzBY0cA6HTFyHsf/9TebhnbY5z+2teJxOhdqF+L3lKxpSZRd8YQsqHBC4Pik6dslWIExn28cSboabah+urvxNLwGr3SJw== level:3 receiver_sn:234567]
2020/07/08 12:59:15 refresh public key: %s {{2 2020-07-07 14:24:40 +0800 CST 2020-07-08 12:59:15.759056 +0800 CST} 123456 2 -----BEGIN PUBLIC KEY-----
MIIBCgKCAQEA3GnpJ3VFW3RMr2Sz46R8M2gscQKClIicmF1Na8OC/IK77cMyDb1/
FSJRqEXMzix7y09BO5UnncvNUwzBFfztb6AbIuMF7zVL0m/VziPuZ1gS4tY1ZgQe
+Y1n81JLGa+0cW4zWY/em6GH5MR6MwveOI7iSkkhs/6SiNmsNfW2+jVi4q3DtxZ8
WOklE6OfrklBVFpujvia1XL/rTdGvLwg5B6k+ps7itdSMTc4sYPK6vsCOGrKojZh
ZuCLHIEaB6ZqzUz57pgzI/Ga5zUs4AjtQOg7V6N7s1FX3FwTGeBN97XmDtAhvY42
ofjHBNv5zlznE6KpFiUZA5OG/P1Wkb2l4wIDAQAB
-----END PUBLIC KEY-----
}
2020/07/08 12:59:15 params:  map[content:-----BEGIN PUBLIC KEY-----
MIIBCgKCAQEA8rkgkNFtLW+aiBZ6Cl5R8ZemlxhQH33b+KQNZUWcBT/bkmqAjIIO
cDzwDNKnWmpQnMx5N/5/nfqTB+abDu4jW+srXFgnZz7Eb7vEalAkICkJfwbZHjBC
4dT+CNQjbgjNIC9jG6mer8gGM3QPrSoETfVS9tANs24XKK1aN8jhS0GCL7bStEku
XLjRBUB40oT7LotQP/n9/4byNmx8rnsCKcCZ/pfLb+QM/BZcRucWq1FzLVHVpJHf
oSnbE2MycCN1cBBdJ6kiXRT934UfoVwonmDtQf2p4OyoMMkdKq7nVi9VGiUfQoCM
jzp0NOhjfpNIJa381Ms3DZBwHOMtCAKIGwIDAQAB
-----END PUBLIC KEY-----
 index:3 token:2819c144d5946404c0516b6f817a960db37d4929]
2020/07/08 12:59:24 params:  map[sn:123456]
2020/07/08 12:59:24 params:  map[content:-----BEGIN PUBLIC KEY-----
MIIBCgKCAQEAr27HqQAPEr0rtW2S3tDN/biGiIihXnge5f5GqX6fdWZlmTVJBk6K
s0ze4QOrUnxSHo8ifr/jZbgGANzdNQhhZq2/g17v+44S9NOYmPeoUijmWJYzow+n
+Xyc2+yh0PmbD5CrWKKkMex93iL+S2rAJS1ToLXfaLvZ9OlNp3oMnTGWb7d14uRb
UzIRDUOXfLvmnHxaLI2FeoXVO9zHjqwBuF0dc5E+Zk7/vg53xzsoFp2PZ/C9bzlV
eulf3BSP9SLuASEu9BOy+FdbOnTZHF7cyDFkG62ld5kt9y3yOkGmCBDchwOznYdu
Y6VnjHqmFKg+xuqn0JUUlXyZYg/fy39AcQIDAQAB
-----END PUBLIC KEY-----
 index:1 token:a2ab1d0639d501aba7d40fce5a894f2b545ef79b]
2020/07/08 12:59:24 params:  map[]
2020/07/08 12:59:24 params:  map[]
2020/07/08 12:59:24 params:  map[content:MSRUb+IikVUPRQrH3jMIg2JzuIr+1zTalrXjYKvrfGMaZcc3eZ+/R1ggE1WFcZZUt3KhdebLqdTMppEsZtZJ+ghaJZnCDUNza/9jIffbSQpWa7NzQK65POMATibtAA7njWcuWxc9nFabab5wmcsRuiwbaVYQcgox7tv/fXVYK0/roCbGqLJ9QwX9KfwwTCQliNDjVaxtkBeTO7LFTQazT4F2R5pkF3azPBncS8tDjAmGCgsVXSB8Yb8OLClOpbDCXxwt/3yUB7ZDsDpJ/knaMIO7JZr9gEpt7U3tn4nrm3Hc6+oPUXk7gS0FzZv9q1JjktPlIAUfWBuOtsudtt6RTA== level:3 receiver_sn:123456]
2020/07/08 12:59:24 params:  map[content:qbYn+IeOt/o+G+m2kuX/Wrz2klJ3dRrvneF2UBs3Uux66Tp+4JNfhEbx1J0oJ8a3XC4zsI5RU6GlweRSqOT4Y8c0jl/GpR8ucktTddxqBgAwzANx8gFs9/bDMWD26DyrWi2b2NA0OvwQanP/z15a6g1dQpYdSr5dOqCj7I1tgjT6olrHUn1O4Wszd7UCf57XY4Oa0FxOpfmJRJelhui8maW1/Uedc9LRX4v0kxphEQdV4+mBiMYNn+KFdyTtUpLsw/Q/VUbGrjGD1Sf+ohHyoEOs+4DAb63AdH9h7PROxRZqwftcvI6u660V2A0BkFMVsG17gSahVwlPKvmPUr5tXQ== level:3 receiver_sn:123456]
2020/07/08 12:59:24 sended: %s {{0 0001-01-01 00:00:00 +0000 UTC 0001-01-01 00:00:00 +0000 UTC} 234567 123456 qbYn+IeOt/o+G+m2kuX/Wrz2klJ3dRrvneF2UBs3Uux66Tp+4JNfhEbx1J0oJ8a3XC4zsI5RU6GlweRSqOT4Y8c0jl/GpR8ucktTddxqBgAwzANx8gFs9/bDMWD26DyrWi2b2NA0OvwQanP/z15a6g1dQpYdSr5dOqCj7I1tgjT6olrHUn1O4Wszd7UCf57XY4Oa0FxOpfmJRJelhui8maW1/Uedc9LRX4v0kxphEQdV4+mBiMYNn+KFdyTtUpLsw/Q/VUbGrjGD1Sf+ohHyoEOs+4DAb63AdH9h7PROxRZqwftcvI6u660V2A0BkFMVsG17gSahVwlPKvmPUr5tXQ== 3}
2020/07/08 12:59:24 params:  map[content:ms5LTxIoQtmYUsvNzw6leR/KtxGkvlysJ+f4t+5wB0/TyRy788pYMd50S2rYZ8wnMagxlNex7BIHhKAkMVlWMqNGSHozZe+cq5BSCKKh5ENFN6ZZcGU7PDKVjMIXRbAzBVmFGFlzkS2KZLo1IYZqKbJF2WXBxSoxDxFMMTRdk6H+GuNhisL6zp7yFdGO4PucceeCp9Lzf7y53LN8co1NMLUMybtkMLZ8+iwcabwXOSNO5R28xFW20Drn3C0IHO/8Zwqq3Y3YBu0u2cqPZyNu4xKZHcI6ULQj6XjOmiqjtG4YY4NQ/35g1Rxqmaz+UEnhu1zAxuWaDRtiItiIy1ld6Q== level:3 receiver_sn:123456]
2020/07/08 12:59:24 params:  map[content:-----BEGIN PUBLIC KEY-----
MIIBCgKCAQEAqdeIjmt5dTBq4Z7/3rSAli1175BIqxywOUxJD2VkdvmYVbEtiBVY
qW5/QqBJ1438/k/FVw045eQsHVFZtxk/VPLnNy1RA1TEeJdCcF7spNR4VYUr/Ww5
3qV/UXccSmlyEOtyEia1GXUca1qnJjrJzPyHlj9jQzcCA5T4A1vwCeGq2VmFi7wQ
AqfCvDhEZ7B0njqarCfUhHZIEh+kpBOdtCn7EGB9CrX6Nr8zhJ0YXA+ohSRvW3Ts
ckC+qj17urkVB95EF+5aaYdFO0OW1TOrTw55fBTZd+9pSAfLEHZCbFO8qpmTyQ9l
G4VZgfpN3EPhv0cl44tWK1X4Yp98OmxH+QIDAQAB
-----END PUBLIC KEY-----
 index:2 token:a2ab1d0639d501aba7d40fce5a894f2b545ef79b]
2020/07/08 12:59:24 refresh public key: %s {{5 2020-07-07 14:24:46 +0800 CST 2020-07-08 12:59:24.961638 +0800 CST} 234567 2 -----BEGIN PUBLIC KEY-----
MIIBCgKCAQEAqdeIjmt5dTBq4Z7/3rSAli1175BIqxywOUxJD2VkdvmYVbEtiBVY
qW5/QqBJ1438/k/FVw045eQsHVFZtxk/VPLnNy1RA1TEeJdCcF7spNR4VYUr/Ww5
3qV/UXccSmlyEOtyEia1GXUca1qnJjrJzPyHlj9jQzcCA5T4A1vwCeGq2VmFi7wQ
AqfCvDhEZ7B0njqarCfUhHZIEh+kpBOdtCn7EGB9CrX6Nr8zhJ0YXA+ohSRvW3Ts
ckC+qj17urkVB95EF+5aaYdFO0OW1TOrTw55fBTZd+9pSAfLEHZCbFO8qpmTyQ9l
G4VZgfpN3EPhv0cl44tWK1X4Yp98OmxH+QIDAQAB
-----END PUBLIC KEY-----
}
2020/07/08 12:59:24 params:  map[content:-----BEGIN PUBLIC KEY-----
MIIBCgKCAQEAzRZdp5MMzFBSJ4sx24BWBHHK4yGup4C0oYb14rh9rjm0JKyjhltI
946zaYBNwqGqnwW6z8g0CwtYQAD2Z0KtUsD7txXtEP1AXrJSpmIlm7hkovLHZubA
QLYrubcQ0tyNwA0Fn03aCs2U4qh/uTBn+kCUinWUBvZRihgHShoIfLs07/Cz0q+x
1HaAgvJ5HYJ625DW8kR+x2FFlDOLs88JadhjbTWKfFsmD9kvJsFF7c4wa7WJybcS
xR7sGZmdg1787aZDJy5IR+zpSmnJUwW5jTx+CnyBhFX3zIQuZVLsXkdXcKUYno8u
kB9V4RJuCU4oFVJCUX1tmvwc7YujHBrWZQIDAQAB
-----END PUBLIC KEY-----
 index:3 token:a2ab1d0639d501aba7d40fce5a894f2b545ef79b]
2020/07/08 12:59:53 params:  map[sn:234567]
2020/07/08 12:59:54 params:  map[content:-----BEGIN PUBLIC KEY-----
MIIBCgKCAQEA+TjrNbNuCiKrQO/HMfxQbl0SdVbal30CVXXasAm05py9vZUbkhmW
Vlris1axqwirO2ZP3uHDeHuCYNIxi5Kx8VMYQo/EqOdzQhfi1YHIzfub0m5zBJn2
WjiEjW5y/xjGQRk4loP1VoJsvsDWo3cf5wTb9jAjx828eoxV/Yj+CjDXv8iwQzAy
CuUt1cCqwumh9z73zgciPnwnpL3v7wn77cAhX/fa3H6QG4zUB2ibke0Fpw3NIz7Q
Ft96SfgIGY+cvtKxaF99SVta/TWAxlVlRprCuSjrrayDjedz6PNV/OPi5wDnKYl5
FziPIUR+qjW9FYpFTmwNW++4deF7f7Ou9wIDAQAB
-----END PUBLIC KEY-----
 index:1 token:2819c144d5946404c0516b6f817a960db37d4929]
2020/07/08 12:59:54 params:  map[]
2020/07/08 12:59:54 params:  map[]
2020/07/08 12:59:54 params:  map[content:UpfobBJW47MfATa+H2gtab2tGNNx/fVQlMOSC9zuLZV+lmhXcQRcvkSy9aZtvfX2gRFgln2czSlLzN5tnOeozLwfnWLZOvEsGRSl4E+24+yJnMIaMYGl7WQU8V1hWcy7trIvprbj9zlOsoWPpJHYt9qGc5qJothSWuDrEzNuTZq/CqqCs7CjiU2715yPcrqPeObwMcJgXgBdW7OvRh+B+rD/B5qztYyVNiwgwjt0Q2dx30AKB94VKenLmNNVJI2TOXvr62ZnMgvhv/fMGXI8cubdpjg6PgQfkoZcmcjRgfimaEd6fuVI+yK+Q3LQfcADA0MI7qJfXP8JtxyyAJYaUQ== level:3 receiver_sn:234567]
2020/07/08 12:59:54 params:  map[content:n+PBh1NDpHqYiLNqfC0QoYRMP5m1Wn/V25+SILdJ2U/1CwCmdN3PLf+yCSCM9PusSAgPykR3HUWBTsLnT+a8FuQM9mbO4M5tjtKEAf9Xs9WoDAY5txdjPApmKQcIEOAIHJdpl65hPcsuX8KVOory9dothfS3PWXvk+Xx+mfhEZNr5wLECWOeee2NMUfn7jER8y7U83Qld7fapRIcgRdDv7zh+uSiFe02XXgjgQQW6H1zpsQHWjW2XR91udg0S88WwZjHSJytTw7DcVSDKBN8wPUvFHc6IRVnc6yja+gfIvMJxSDDBmoHsqz82k9cFE2Y4QutyBfmRyliYHEC+L5Egg== level:3 receiver_sn:234567]
2020/07/08 12:59:54 sended: %s {{0 0001-01-01 00:00:00 +0000 UTC 0001-01-01 00:00:00 +0000 UTC} 123456 234567 n+PBh1NDpHqYiLNqfC0QoYRMP5m1Wn/V25+SILdJ2U/1CwCmdN3PLf+yCSCM9PusSAgPykR3HUWBTsLnT+a8FuQM9mbO4M5tjtKEAf9Xs9WoDAY5txdjPApmKQcIEOAIHJdpl65hPcsuX8KVOory9dothfS3PWXvk+Xx+mfhEZNr5wLECWOeee2NMUfn7jER8y7U83Qld7fapRIcgRdDv7zh+uSiFe02XXgjgQQW6H1zpsQHWjW2XR91udg0S88WwZjHSJytTw7DcVSDKBN8wPUvFHc6IRVnc6yja+gfIvMJxSDDBmoHsqz82k9cFE2Y4QutyBfmRyliYHEC+L5Egg== 3}
2020/07/08 12:59:54 params:  map[content:Oz5jjHM9ZC+6ZTcr92hfWI0HiK4kzIwDHbKnZUp2GVeEXM542KsnYP7lfGlrWjyep7Qnjjh85T/cvzBXgKafE9gow6hZ8n2v44mdko01jeo3j+inHOfxm/N3f6soLrMoY3P+K5Ep7azsn0MdviAMQ8wlq9SZ/RmiH/W1y8Ffq1vVajryJL4rtniDgvYXsBwQqh9LYkknmJo8FiH9e2G6ZbaRfF1MF91ILwB2QlazzQlUYh/2ZgkrWsKB1R0Dpwk5eFhRze+9fHqghvlc1GCJvVoEv1yvkaeZ8VH3m/h80jHzcz+COrp0ULcYeOC+WPthDdZZ/muN+c79S0x4hOPYFw== level:3 receiver_sn:234567]
2020/07/08 12:59:54 params:  map[content:-----BEGIN PUBLIC KEY-----
MIIBCgKCAQEAvgn/NgDxAnpmDO3NkgSXli7WngV14uWZbINniJo6fg59xGV4QvNW
xu4z79PuxfTfW9NHOdbuHEZwiRokEpAv3zuBCAmUYNfH0YVmChlaVDfDkIyLxWYX
q4swfXbXvm9AwPCCuLABAKmQKizRVWmqL9yHi9OwZZDxBWeT1dWo3bWKlPlwjwl5
y+HL+tHopZVa/XEx5zuRZVM+fxmUZu85T3VHVun0MFEC4GCpkhhrt/wRHEeSoM75
+avTQjyv8DlK2bUgi06yIdoMnXIRRw+X9U3FNSpv8nW8AC8Kg7NOpGNJMuExWL0z
/rR5GYYagIk1fSHjw/rZlJVOFCvhxUl3tQIDAQAB
-----END PUBLIC KEY-----
 index:2 token:2819c144d5946404c0516b6f817a960db37d4929]
2020/07/08 12:59:54 refresh public key: %s {{2 2020-07-07 14:24:40 +0800 CST 2020-07-08 12:59:54.454005 +0800 CST} 123456 2 -----BEGIN PUBLIC KEY-----
MIIBCgKCAQEAvgn/NgDxAnpmDO3NkgSXli7WngV14uWZbINniJo6fg59xGV4QvNW
xu4z79PuxfTfW9NHOdbuHEZwiRokEpAv3zuBCAmUYNfH0YVmChlaVDfDkIyLxWYX
q4swfXbXvm9AwPCCuLABAKmQKizRVWmqL9yHi9OwZZDxBWeT1dWo3bWKlPlwjwl5
y+HL+tHopZVa/XEx5zuRZVM+fxmUZu85T3VHVun0MFEC4GCpkhhrt/wRHEeSoM75
+avTQjyv8DlK2bUgi06yIdoMnXIRRw+X9U3FNSpv8nW8AC8Kg7NOpGNJMuExWL0z
/rR5GYYagIk1fSHjw/rZlJVOFCvhxUl3tQIDAQAB
-----END PUBLIC KEY-----
}
2020/07/08 12:59:54 params:  map[content:-----BEGIN PUBLIC KEY-----
MIIBCgKCAQEA3USq33op/yt1j7VAxgSCnivpkzVYbeAsaEcREQl7sdFhERaQ0CdU
pUefEEL/wg5EjvWYoqBPjdtUlZywobeSlVvwGotIq4VAgBnkwMFjMREeshg2B8dX
v+jWm43BLpYzqHs0CohBoNyMaf+FMxDEF/bbRcvpH2Iqq4x9fO+t9hMtxbwY2Pm4
JeMhjrr85JuaMTk4nfL3quaB5of5f/mmPRsLpn1Xjd6JtNI9ZYaAacAGmujLSlRm
+aaTe5g8/R2kZ5lsu8Le5yK4ws5YuLep5KVZlwptce7EumWMz/haW7F4FlM2vnVF
UhwpZ5aOQVp3pX780KtaC5VlPeR9feRJWQIDAQAB
-----END PUBLIC KEY-----
 index:3 token:2819c144d5946404c0516b6f817a960db37d4929]
2020/07/08 13:00:00 params:  map[sn:123456]
2020/07/08 13:00:01 params:  map[content:-----BEGIN PUBLIC KEY-----
MIIBCgKCAQEArkXK3qJz278KPrkMFU6rBzDn71DZqLyKnKclH1AARTv8DFI8ELQJ
ZfViMdCgLGvcVXTMs18reZ6sSc3Qq3FfZ8xsS4skfFeVzyiSmtLrRaKBv/W7rSmz
q+8F8ob+IowhRYf2eCG1/xotNsfBAIaBced4yOZsNQeb+Hb+tKQotxsAlNxYzgvX
q/jWnePdy4jSMXNZGqP6Z+1JU7R5qgB9D7pcBB7m4U7If6+E2yXfnA8PR9X0D0FZ
PLFMWO5I2mFh+epYoeXT5Ro7QCw8mi8fa0aqsQ3aAFy35TqogQ6pOb0LUF6EpkUL
MQ2fcR1owPn7jYlEGbCkji5qb2Pco6xzmQIDAQAB
-----END PUBLIC KEY-----
 index:1 token:a2ab1d0639d501aba7d40fce5a894f2b545ef79b]
2020/07/08 13:00:01 params:  map[]
2020/07/08 13:00:01 params:  map[content:uHqWnxSbhXXMlBD4mtsXmLGp4UQBM2LG6Fz/NGrTt18SE7hq9hAsp/cDKUtDkMqiLzvNM3BPZDTFpE8DQKOFLjgEj0/K9leYjrYxXp6fyxxfCujKHqBKFQUL1gS2kpjJZtaeglXJ3o2MQ0GcZfbrDwn/21DudzoPrtepMkuf9FXxJiSYKMzonwuu1qymjCeqXZC2P+UCEiBnhJ8Z/YJ9wp7GF8qNojPPPNUwoLE9/CvsxYK5oWlAljVloWlPDUX/gwMCLzR5080kal/dBuDpxNi1MMz1Q4We6HN3yWnzcnJ1T41Xnww1/8L6vsLlG4H63Uffq97FcAl1nbSWO1quBg== level:3 receiver_sn:123456]
2020/07/08 13:00:01 params:  map[]
2020/07/08 13:00:01 params:  map[content:U+CuQcx4f3W8HlPI3UGummuez4rHXPo0Oq5Uf/R9hTIP1FU/Yc//TgI+1aY8qSGby82nWuTXnkj0Hddd+qKOBmmiNWeNil2vCyRAKsqUdPdUMnaBxU7gVCi5+kP7RPIJivkovgJqamcnma75znGGsW687uLuN7XimjMVzuas93ygYjyx0LHSxiX8Q31rexPJNON4676X7r/xOsqRcIFsd8j7y/nfSYwUV2BBsw9yQwamvLKBKczKJttwxc2TcmccnUMRxsk7VO23l+bvMB3w7YN0pVVEHToYAJfNN81W5Y6vYCELi1gnRkz0UQsQbG5GpInqpSx5LjpD8z7O44ODnw== level:3 receiver_sn:123456]
2020/07/08 13:00:01 sended: %s {{0 0001-01-01 00:00:00 +0000 UTC 0001-01-01 00:00:00 +0000 UTC} 234567 123456 U+CuQcx4f3W8HlPI3UGummuez4rHXPo0Oq5Uf/R9hTIP1FU/Yc//TgI+1aY8qSGby82nWuTXnkj0Hddd+qKOBmmiNWeNil2vCyRAKsqUdPdUMnaBxU7gVCi5+kP7RPIJivkovgJqamcnma75znGGsW687uLuN7XimjMVzuas93ygYjyx0LHSxiX8Q31rexPJNON4676X7r/xOsqRcIFsd8j7y/nfSYwUV2BBsw9yQwamvLKBKczKJttwxc2TcmccnUMRxsk7VO23l+bvMB3w7YN0pVVEHToYAJfNN81W5Y6vYCELi1gnRkz0UQsQbG5GpInqpSx5LjpD8z7O44ODnw== 3}
2020/07/08 13:00:01 params:  map[content:-----BEGIN PUBLIC KEY-----
MIIBCgKCAQEA0CCwkhCcV+esH1IJma704wcspNygRve/HuPa3pI4pH1weMYQndVR
kojAB75puqsIVjvOQcLIY3avQB2+/XNrn0bxDy5iSvYb7C6Cv4BQY3gIGOTSY8yx
kbg5PZdJuOWVmfE5Iae7zQpkL9gChEtWv/Byfun3Ja0DL1iEt9vWNzLwKHB63bFb
k+M7EkP/B4L2ABJ46fQVuhJXPLh1Dfu5cRKu+YLhkaxbgwDnLyG1eqDblK//bv9n
shQ0PrK2x4jdDuu75o2lp6eRhPDsS0UjKwO9HoL7V/JFmwrRoOGw+E3PiR4fAndA
7cGtBkw35DgZPWr1UtpOzm2FtmwSxRriPQIDAQAB
-----END PUBLIC KEY-----
 index:2 token:a2ab1d0639d501aba7d40fce5a894f2b545ef79b]
2020/07/08 13:00:01 params:  map[content:ZXfoG29Q82+2zF87kvhn+WIL3J1rHAQXQiNNalQx6OS9L2QRl7nT5/8nCCIoHAyY6xFL9m+x5HRmhSkv4jsgRgYD7zfomKhXoZ3hELM6wJs16Zy7XOqQJf3VOLnsbnc44+tJYJ3wtWvrC0FJZ1NY1rjMbf0LmZx8EG4nObgr6urefCMtXllebzSh7JtwuB1qQZ1IcB7YvLnihgoPdnElNJOE6eQJ0M0n6BZMsSV78bdTpuAS2eldTaLZjB+xWFKpzu+OXNiWMmEGHxPd5p1C5vM6EkOY7oQEIp60ZkqGQYzBArywkIHWQbMu8WbV9bG2kHYG3le5mkqIAgiD4yeiyw== level:3 receiver_sn:123456]
2020/07/08 13:00:01 refresh public key: %s {{5 2020-07-07 14:24:46 +0800 CST 2020-07-08 13:00:01.261854 +0800 CST} 234567 2 -----BEGIN PUBLIC KEY-----
MIIBCgKCAQEA0CCwkhCcV+esH1IJma704wcspNygRve/HuPa3pI4pH1weMYQndVR
kojAB75puqsIVjvOQcLIY3avQB2+/XNrn0bxDy5iSvYb7C6Cv4BQY3gIGOTSY8yx
kbg5PZdJuOWVmfE5Iae7zQpkL9gChEtWv/Byfun3Ja0DL1iEt9vWNzLwKHB63bFb
k+M7EkP/B4L2ABJ46fQVuhJXPLh1Dfu5cRKu+YLhkaxbgwDnLyG1eqDblK//bv9n
shQ0PrK2x4jdDuu75o2lp6eRhPDsS0UjKwO9HoL7V/JFmwrRoOGw+E3PiR4fAndA
7cGtBkw35DgZPWr1UtpOzm2FtmwSxRriPQIDAQAB
-----END PUBLIC KEY-----
}
2020/07/08 13:00:01 params:  map[content:-----BEGIN PUBLIC KEY-----
MIIBCgKCAQEAsrIJ4ZmjBl7s+52N3hIFJPeoAQSuM6wvqES+pxt/RHD1oHSTB2m/
tcEH1ATC5S8TjEB0zR/V/+mjPeLFDwtp5B/2uFpqXKQ0icaby3Y5Q2yQH1khcQVe
UPcrT1Fqdu5dpAcvDluqKuUDFue6Nqkvv9YmxqGcUbvefrM5Y+geL6kCXr4xHQ9H
0lFJcPckveAN1/LQfV+3c0Mco9L16jJk5NT8xq2fjiq9/vkIz3HiupkQDW5fZQ6u
SQ6jKRtjDVEZrxxGb1ZKfbwrxrMRcOy8Gk7IvWY8pDMar//31VjOjNGm1b8Hd5NV
s9Hdk64doYY0Ewuhca/QdTc4J6LwwVLN5wIDAQAB
-----END PUBLIC KEY-----
 index:3 token:a2ab1d0639d501aba7d40fce5a894f2b545ef79b]
2020/07/08 13:00:48 params:  map[sn:234567]
2020/07/08 13:00:49 params:  map[content:-----BEGIN PUBLIC KEY-----
MIIBCgKCAQEAxs9SqjzfXvZ+4gJ009f3K2VqGwh/4W2FhruBbloJLqNncfDc7Dpp
ZexWgHkNLMssUPqq6QUmOd29T0qKen6e3R0MTM9/+l+rFDhS3WQWqSyAUx8SplHx
Nw+r+AYYeMsWI5RIncsmvXERQQO3hS2w9Sz/4x6NUnP+dXEsX+PXojvYc60ieVgu
kgJwT/zB46IsoMvTcEvmfjUP7Ayrx+++8eL1Lf43rFliI5DvIyoZsqKj9t5/sLK+
6oO7tMPjEuqQhNPvMaFPWZZRcMsTvDmAQbGqxvctvipTfKL84bpd3y12U6YTNoZp
0glGp+w6GAySy6qxx2lmSB+OxSj//7B9mwIDAQAB
-----END PUBLIC KEY-----
 index:1 token:2819c144d5946404c0516b6f817a960db37d4929]
2020/07/08 13:00:49 params:  map[]
2020/07/08 13:00:49 params:  map[]
2020/07/08 13:00:49 params:  map[content:SSj6TvmTK7zq4pl9neUVtsxE5kJAD+izXmldH63SKG9SO4Fw5vQfJiWVE9JX6pIvtRC0MK0Y/rUNihzbeHPWNfX99xv+Idg+dcgs/RwpYKFpKULT8E1YiW4TyaogjedtSeMUzJuBsPkc3qWlw150XKQafAuWFJtYnrgmBjedNtG7pe8RoHPwyeHGR22nY5YL6E6WYcMojy5a1u/7UKZCYFWaBqYy9hlZC/D3U/XjoM7fLWwgkD+1XztHlMvfxGcoNzIF2mnPcnAMV2kzqwbrnfX2+S9fruoQCbmNyV7wHmFu0dhqN4KPqr1tBLNU1OB1TsEmXCP8C3K1UIkkNR8E1w== level:3 receiver_sn:234567]
2020/07/08 13:00:49 params:  map[content:aoGmb+Y0qmqusbKqKez5LcGOVCsucAbCf0x+qD+LRYl2Q3kYbrivMHTHEXHSu2tsKaoxz/MuN6qOP26fpJGwhfFNmpDyZHPexk9q2CmUv4oJ3DMiFc+g5ND+K5E5aK1TC6ZymMH5quTOHHmRz0YsSn0GCQ5hflXiD6EpbTmulW1ijBWRxxu+aZ5WC2jNgCU2dgJLfj24Ky4RSa4pirtquGO+lExJTX2lgjOu4SePNJ6j+Q61ViPM+w3PAe4bB1mceU1JIJnEFhH8ZahEmBQUOpT+e6jhAy2jIllyt+79aTrDuV+mDZ3zynQ37aAY8FuJKeQgniyPtGWZYZ0jWSqU6w== level:3 receiver_sn:234567]
2020/07/08 13:00:49 sended: %s {{0 0001-01-01 00:00:00 +0000 UTC 0001-01-01 00:00:00 +0000 UTC} 123456 234567 aoGmb+Y0qmqusbKqKez5LcGOVCsucAbCf0x+qD+LRYl2Q3kYbrivMHTHEXHSu2tsKaoxz/MuN6qOP26fpJGwhfFNmpDyZHPexk9q2CmUv4oJ3DMiFc+g5ND+K5E5aK1TC6ZymMH5quTOHHmRz0YsSn0GCQ5hflXiD6EpbTmulW1ijBWRxxu+aZ5WC2jNgCU2dgJLfj24Ky4RSa4pirtquGO+lExJTX2lgjOu4SePNJ6j+Q61ViPM+w3PAe4bB1mceU1JIJnEFhH8ZahEmBQUOpT+e6jhAy2jIllyt+79aTrDuV+mDZ3zynQ37aAY8FuJKeQgniyPtGWZYZ0jWSqU6w== 3}
2020/07/08 13:00:49 params:  map[content:-----BEGIN PUBLIC KEY-----
MIIBCgKCAQEAxsAiCuUZnacm2TCxfgcaj6JvLN6+crb1FHMqXeLPmRgOaCJ0fGyu
XdkRjgKEccVhGhTF6GDmiIDv8WudfO4OMPv5Y74YEp+DB65ua7sjsDVIwxvZAWkp
xGltJPblbMsZ+H/c6eNQhPNghjiA3LH6dSKnhSW8nXqLGL5wAjutuFdQLQZkl9LK
8KNHxy6VEkRao2VdzamtaJ1Lk0umuwSh1yAM3az6JQn3G9YI8pA9T3vRVbCpekaA
XQLU9m+FSzGEhD2a3HGUmYNidyXFHVfs5nt7rqN1WdU2ogdv4zWq0F7jaskkht/J
SwCwDPnADXcxs//CYVQWXmh7uM/z9kLy6QIDAQAB
-----END PUBLIC KEY-----
 index:2 token:2819c144d5946404c0516b6f817a960db37d4929]
2020/07/08 13:00:49 params:  map[content:ihKAy+VhWEGIui0MU11xEFyRhI87t0oAIFrhd6BaESclkRVwS9pt7jBMLtLfA6ydsO0b2splkhE5MCEBLWK0YOzz/OKNfWTA/VdHBFM/WitOv0dbyiqnCOkvskpJKj4CCBsaEDe0PoR0Lj14aNPjkpKCSh31fka5qvY9Z1JAM6t1dVxaISmT1A5zLGe7A3QWCiVbssgLsUUXqc5wzgWsX1C5UOq6bOTwkulDgbt7h37ToEYOPW8xr1wc8/P0i3GC/9ImmtnpJzJYIBCfpfZoPsB3OZ/LTlznSIBsMewXyDLg+oUi2fMMNXQ+1rzqmvqP1NOq+oJB0Zsgxy+OZkfMow== level:3 receiver_sn:234567]
2020/07/08 13:00:49 refresh public key: %s {{2 2020-07-07 14:24:40 +0800 CST 2020-07-08 13:00:49.665988 +0800 CST} 123456 2 -----BEGIN PUBLIC KEY-----
MIIBCgKCAQEAxsAiCuUZnacm2TCxfgcaj6JvLN6+crb1FHMqXeLPmRgOaCJ0fGyu
XdkRjgKEccVhGhTF6GDmiIDv8WudfO4OMPv5Y74YEp+DB65ua7sjsDVIwxvZAWkp
xGltJPblbMsZ+H/c6eNQhPNghjiA3LH6dSKnhSW8nXqLGL5wAjutuFdQLQZkl9LK
8KNHxy6VEkRao2VdzamtaJ1Lk0umuwSh1yAM3az6JQn3G9YI8pA9T3vRVbCpekaA
XQLU9m+FSzGEhD2a3HGUmYNidyXFHVfs5nt7rqN1WdU2ogdv4zWq0F7jaskkht/J
SwCwDPnADXcxs//CYVQWXmh7uM/z9kLy6QIDAQAB
-----END PUBLIC KEY-----
}
2020/07/08 13:00:49 params:  map[content:-----BEGIN PUBLIC KEY-----
MIIBCgKCAQEA3f1mRiVSMjHdC5HvcRYBoWKuTkgivuPXm9DXVHiobt34OEa/9BVI
pX8jZmhQPNAOF9X4w6IE5mZ4r7L9f6fSLDNJmjJsxTttypiIIsNdAWqEVp4jahQJ
fAHirZxGoesgy48tohxap2z9FtoXjnE2baQOsBgIPUu9VCh5q+Bl77fo7ZFHw+C3
r2Tgd2fL7VxS+4zVkdLPZVBmjMTHd5niZ78Aw/bl7uskAXPOAv6BsdL/nELyhS7O
64WzlYHwpsjfKiN6xGCliIP0plSe3UnDDV2yGEozPy6ApANh3Ts3G/SVCdC/RfDJ
cZHNRf9QjCeRpUPg51k8Tw8NZ62+VsrhbwIDAQAB
-----END PUBLIC KEY-----
 index:3 token:2819c144d5946404c0516b6f817a960db37d4929]
2020/07/08 13:00:55 params:  map[sn:123456]
2020/07/08 13:00:56 params:  map[content:S7/Ki4ztaPv0rjcM7YwTKqCjpqM28eNf4ZMMYTSZplGVIU0Ikd0MOaKyS0pZxvd7fVBE7B5NiDAEu4wrBPkXZtGPuVuhK5IsHZB4gSlFBo6Ae3dGpcXF8hhFozBKfZXsjd0BrUySxDYj0z2FY3qTVuJ3iqI07pDy51vgFKisiA5qsUiLinAft7dcg4EJcKUZl24AcIi+7O3OyaRRRM3xud4FF/2T9z6qfu3tJoDgfNrMyGhnACIzHAj/URscR1OXvfc0vawi99x/3UwCI41BVwWAMZYM5MOUhdVZherbwA6uRkDItbBK4kpZYIrfLLTtGqQ5jONB1sd9xtRvEBOiuA== level:3 receiver_sn:123456]
2020/07/08 13:00:56 params:  map[]
2020/07/08 13:00:56 params:  map[]
2020/07/08 13:00:56 params:  map[content:-----BEGIN PUBLIC KEY-----
MIIBCgKCAQEA4hAVAElgTNTnVvbeJ77Rpmwv9fOUwlos8GNABF75Eqn8cv51EHXo
uNy6d0kME195Y2f5yNJwvyDu8KKSrnk+bkMGH5OaJbzAGybqmtXeEUoeM1tem3Jl
JKgPAXFhzUnF2XRhj5kdztbkje9aNBCe0bdxbRggpiFqnf6v6rlX/5OeZEqI28cg
QSBbSlXhOS8hE2F2vP3L2eWdE9hcfH3WjIB5USB7qRFuniHHmDcr3J0CcQM0jnWn
rQY6O02zy4T4x/yZz59VxgKhDbLaobcdLSnvyoW2Sb0pXsNXvY1g+zYYM2uGhV2r
jAUwllPWZeH6A1/hMEF3c9CninfNq7hpywIDAQAB
-----END PUBLIC KEY-----
 index:1 token:a2ab1d0639d501aba7d40fce5a894f2b545ef79b]
2020/07/08 13:00:56 params:  map[content:xDiGy9eYyAJFbk/QU/o3CnWQCl9U1xORQAwXl/ZtEqzxOwDPveuOt4+aCQ0csOKrC0LFOoDwbSVhzLBIsM50aoNPusHgdtfssIeUJWuDzn5moQoIVelSkRuwIKW9BlcoTVHgHLP/nTol67ktq1CAB8KCDgfmtu79lTf6YHsMM4p/X8f54bmT7ZCs7pb00WkGOJc1Rp7WnsZEcKpjE4kOWudvkXK69Tf4mbEpLZprSE/iC178DY+yZBCuCY8KB6iOTlVCYPjmj5afsu2j44YUlMi+tKPX7u0Cw/UgwhKeHckCOY3SCV/lOIWl/KG+JiGZW4YESCz9jrDQvrGfKFriag== level:3 receiver_sn:123456]
2020/07/08 13:00:56 sended: %s {{0 0001-01-01 00:00:00 +0000 UTC 0001-01-01 00:00:00 +0000 UTC} 234567 123456 xDiGy9eYyAJFbk/QU/o3CnWQCl9U1xORQAwXl/ZtEqzxOwDPveuOt4+aCQ0csOKrC0LFOoDwbSVhzLBIsM50aoNPusHgdtfssIeUJWuDzn5moQoIVelSkRuwIKW9BlcoTVHgHLP/nTol67ktq1CAB8KCDgfmtu79lTf6YHsMM4p/X8f54bmT7ZCs7pb00WkGOJc1Rp7WnsZEcKpjE4kOWudvkXK69Tf4mbEpLZprSE/iC178DY+yZBCuCY8KB6iOTlVCYPjmj5afsu2j44YUlMi+tKPX7u0Cw/UgwhKeHckCOY3SCV/lOIWl/KG+JiGZW4YESCz9jrDQvrGfKFriag== 3}
2020/07/08 13:00:56 params:  map[content:TerlmMrHdDbs7a8OfQnKQtzWwwJpXaKpZ3ic2WFhP4rAJ8dTM4LW+9j5G/+i0pf7SY6eDFBFY981Pyls/VapG/W27RuolosQsIHhVos03NS1OC2Oj2t7WecxwHJWW3+qvCajDryRvZ+QDKlsYUWvXsKbH1Xv0AxQRPXpyMGsjlITYzoQigEP3Jc/BTSDkc8IiR4yokwRH4LOVgbR9fRXn/ZC7xEPD6ATRfpDfM0GFLncVsb5nrYJpmi1MMrI/+OyywTjG9f7KjU7vwjeZs5I2h0baVA6gRDLPnrRTSooquWmWLFdKZFafwzRxFW16lHm4dMV1urCf49Zh8C7yvxnIw== level:3 receiver_sn:123456]
2020/07/08 13:00:56 params:  map[content:-----BEGIN PUBLIC KEY-----
MIIBCgKCAQEAuiyfI4Q1nlLgymKs6vjr8tk4AoWFzkfnyh82i8FqtSdASVnGPkO2
6OrQGQ2AGNcX1A5L8b9Tvdml02LRrVmV5OurDXb1y/VzbK6+eRNjF08BIwo/ctfN
10e8awhHE202ddP53To4P6+GLr4MoWU9a0hZn6yp9aQt4rZ0+UfLg3/qtGEdb2PQ
j/038N7eP371UmL1LCD3Dh5P+nnwhiaqXefVCWMjec12nG7u0Ew1iRTMjquPvDQ5
E98t0TgNT2Et/Bk7MZgg70Bc8nkwLcK85zXMLQ/DtY1vrYUhHTbDCGAKIhbnjbQF
p7D25UilBpD3Ay9jrIcJC7D5EVDRv0Us7wIDAQAB
-----END PUBLIC KEY-----
 index:2 token:a2ab1d0639d501aba7d40fce5a894f2b545ef79b]
2020/07/08 13:00:56 refresh public key: %s {{5 2020-07-07 14:24:46 +0800 CST 2020-07-08 13:00:56.507018 +0800 CST} 234567 2 -----BEGIN PUBLIC KEY-----
MIIBCgKCAQEAuiyfI4Q1nlLgymKs6vjr8tk4AoWFzkfnyh82i8FqtSdASVnGPkO2
6OrQGQ2AGNcX1A5L8b9Tvdml02LRrVmV5OurDXb1y/VzbK6+eRNjF08BIwo/ctfN
10e8awhHE202ddP53To4P6+GLr4MoWU9a0hZn6yp9aQt4rZ0+UfLg3/qtGEdb2PQ
j/038N7eP371UmL1LCD3Dh5P+nnwhiaqXefVCWMjec12nG7u0Ew1iRTMjquPvDQ5
E98t0TgNT2Et/Bk7MZgg70Bc8nkwLcK85zXMLQ/DtY1vrYUhHTbDCGAKIhbnjbQF
p7D25UilBpD3Ay9jrIcJC7D5EVDRv0Us7wIDAQAB
-----END PUBLIC KEY-----
}
2020/07/08 13:00:56 params:  map[content:-----BEGIN PUBLIC KEY-----
MIIBCgKCAQEAm7T69UZ22Q+Zbbt3w3LCGqF1hsDRjG79oujxwQ1/0UqohYtoDLRe
a74kCmS+J3pn1fI3swkTlO6dp8vb5jMAWBl1MLGrP57BnwwdL8dqPNlxQGBf7M3l
DKVg4bUJzKIOFuuM9kbQ/cZZrLQpj0C8b5sTWUQnP+L42n7i30rnL94QXnmoY2hm
onrfQYi6vhdeKkzoO8erlQrLg016OqsEyV/vH99wwOzg5Lg6jVKLy4dbi2Emlp3d
ytTxOGZExi03ieN/QpE/Gz5xh5WOptIZi46bhqCHtpkbM/m62xX0ARYTb+g/+T4N
I7i+fC9YgF5WF+BsDIn0X4r4rRvhY93YYwIDAQAB
-----END PUBLIC KEY-----
 index:3 token:a2ab1d0639d501aba7d40fce5a894f2b545ef79b]
2020/07/08 13:02:01 params:  map[sn:234567]
2020/07/08 13:02:02 params:  map[content:-----BEGIN PUBLIC KEY-----
MIIBCgKCAQEArbwAbyyh+QqSd0N8h4Ivs//q81GYp9KmtFbiEn/AmbXn0Go5vVdJ
8GIbqU5KZ4yHfPkAOM6iC6hhx0EARaF6l+1aJQv0R4B5xNtY5qWE3toutE1kGkFl
Kl/41aJT/a4Ck8QtShtT4MDQVYslPfsJ6SKztU1HNOJUpSRMVw3km4H09AoqzTO7
cB4eRn8T5GzfyDVWdFd8Z4Q2iXS/4k/djA/OWPHmnCkoUQINuVCBltWBROU9aRg9
vdj7QSyqbLc1a34basWDwBZFVfe84AeKvCaiqR+3YBE3CLgR24QDzQnkFr1ilvtn
zhIY4rHD+qwmbUBYWSLUCKI/iOi+XLHBkQIDAQAB
-----END PUBLIC KEY-----
 index:1 token:2819c144d5946404c0516b6f817a960db37d4929]
2020/07/08 13:02:02 params:  map[]
2020/07/08 13:02:02 params:  map[]
2020/07/08 13:02:02 params:  map[content:sfykhVX9fDqk+dkBg1rDY4dNEDxn2ZxTUUV64zu//gMadK8rxF1+7rVlTFpo57ZNj1Ilm0E7A7FbN3rUy2wMGRoJCcLKqZZDXx1706hQKhy1402uEXe9LTp79NUQnL+D/zMmU+RmjGGpLt1EvRTJlxVqoBveypKA1jq7QaOLLACg/QnEHgqM6EkrmxQ9dqqjXg7xMswjICV42afF5y6pzvJPW3G2zEFCVXSP6UAWVK0KU/WQHdBL4I1/YgD3SIjRq8cVp8qQ7dn66nJIm//xjwG+365DimhTIJlgIn8I1riI7G4tWYgpcqiuJlQWcL5WMzK0Qdwa7K0EZJkdVtHYlQ== level:3 receiver_sn:234567]
2020/07/08 13:02:02 params:  map[content:JGLdRmZqCIP/P2ds1TBpasGbfhwZ9uAD0fSjW/N4AScEd7asnr6QvhRbyAjtWWomZ6GE3zImYoHJQ981+NFWrndWBu9HrTKZmksd7zQmy8QIk/JMmv1cGDRfE0JWPIfkefrmYip4w1URFaSwVHH0kbmWRONcymGVGRbQLp6LAZwO8UQgt1keQM5ZF9AgS1OozbMSLjlTlsPhwcM5AwfV98UCIYMM/2RaI3XFgu1Vo6/BYcrPYEthAO50o5smNjyW5/l1qlNvw+gSZ2A2k1lx+/lLkYnFxXgYO4AKRHpQH6AdjivpnoOQLaVYWzpfWqHO1nnQjaWc2nB3LfJ+TmFisQ== level:3 receiver_sn:234567]
2020/07/08 13:02:02 params:  map[content:-----BEGIN PUBLIC KEY-----
MIIBCgKCAQEA0QedhuUBozNgS/WP8UOc7IBJY30XJItQs6UvgF974xLcSweWi08F
O+F7vH+KKX6qwVcHj5vYkweXJVAg36NPOH25xSxNkMeqdj8rSqNIcKTDxnTsaKgH
IXGiTsWznfE9brqgS1d3f1HPgPq/DRRnzB0fh3nSozj1vyLIwtYTHbmE4BzcncH/
M7xBJFmhbC1AAUPMohxUJZqGQmNb3w2VXKZywzBR1GnUs1HdVAlPURXtUklvwkdZ
d+Pt031lTIq4mf+Ik5X12R3JbIQYsl4G/RTWHAS1KyIu+qTNIdKJYIJz9MpEyGq0
OpOeBWciX2GA4rcbAUuon3ZFh5t+wqq6JQIDAQAB
-----END PUBLIC KEY-----
 index:2 token:2819c144d5946404c0516b6f817a960db37d4929]
2020/07/08 13:02:02 sended: %s {{0 0001-01-01 00:00:00 +0000 UTC 0001-01-01 00:00:00 +0000 UTC} 123456 234567 JGLdRmZqCIP/P2ds1TBpasGbfhwZ9uAD0fSjW/N4AScEd7asnr6QvhRbyAjtWWomZ6GE3zImYoHJQ981+NFWrndWBu9HrTKZmksd7zQmy8QIk/JMmv1cGDRfE0JWPIfkefrmYip4w1URFaSwVHH0kbmWRONcymGVGRbQLp6LAZwO8UQgt1keQM5ZF9AgS1OozbMSLjlTlsPhwcM5AwfV98UCIYMM/2RaI3XFgu1Vo6/BYcrPYEthAO50o5smNjyW5/l1qlNvw+gSZ2A2k1lx+/lLkYnFxXgYO4AKRHpQH6AdjivpnoOQLaVYWzpfWqHO1nnQjaWc2nB3LfJ+TmFisQ== 3}
2020/07/08 13:02:02 params:  map[content:XGEtCn/02JvbULdX52tz6zZ8ZnscCtK9m+AFO9Kqdj6gLrlVTrB2mnwtTJo2pr4i85Qh8xybmvLyOQtbbNaKa4Xn3yVxgdR3EEYabqR5zAON4i2zHmoNCehjWTfq4XrW0U0ULi8F5cAfNyec1Rt3Hv6C1sDv+0odGVyvS1q+mKMh8ahgrMDy1L2eUtWfcEsDD4CRTIlSjHqP/lhx1ymSiNJlup9AuQbr5M5ldvprC997SyMp0p3SLpg5iNbNl5tJunce55ra+eNBdnzvgAP7g6Sg1qy52n2L8BruFRn2E5Iy1LPYsztzF0W1j0u1E+bdBfmzMJ05wUMd9lKr6dQATA== level:3 receiver_sn:234567]
2020/07/08 13:02:02 refresh public key: %s {{2 2020-07-07 14:24:40 +0800 CST 2020-07-08 13:02:02.170068 +0800 CST} 123456 2 -----BEGIN PUBLIC KEY-----
MIIBCgKCAQEA0QedhuUBozNgS/WP8UOc7IBJY30XJItQs6UvgF974xLcSweWi08F
O+F7vH+KKX6qwVcHj5vYkweXJVAg36NPOH25xSxNkMeqdj8rSqNIcKTDxnTsaKgH
IXGiTsWznfE9brqgS1d3f1HPgPq/DRRnzB0fh3nSozj1vyLIwtYTHbmE4BzcncH/
M7xBJFmhbC1AAUPMohxUJZqGQmNb3w2VXKZywzBR1GnUs1HdVAlPURXtUklvwkdZ
d+Pt031lTIq4mf+Ik5X12R3JbIQYsl4G/RTWHAS1KyIu+qTNIdKJYIJz9MpEyGq0
OpOeBWciX2GA4rcbAUuon3ZFh5t+wqq6JQIDAQAB
-----END PUBLIC KEY-----
}
2020/07/08 13:02:02 params:  map[content:-----BEGIN PUBLIC KEY-----
MIIBCgKCAQEA2aJECYhKWalSwQJbMVNfSkdjAj9/QM1G3K3xOEAo2JS1aQjM5lux
FJ/lH/TysgL2S7AZsH1Z0IO0g5fJIuVTTiBTGQyoCnzyT60KswFHsiD4p8g+jOAT
/kpSYeAUgIXxMrCwYoODEINpE684Quy+7/Re5ZD83hSjivMkN3A5ayRwPy96Yk8p
KKB232o93x38QKyti6Tjq2qmE4BYDX72EqBeuQQlNiFaHve47ZHWxAiIFh8qHtu1
+sR08dKdks5nfc1mr0pP2izF1pWPk7qa6Kc0u3sp/zUlXbspbuQZpSLhL5qa+BxH
pGnshZljMDDrlu5auiHa2IwRZruT51m1VQIDAQAB
-----END PUBLIC KEY-----
 index:3 token:2819c144d5946404c0516b6f817a960db37d4929]
2020/07/08 13:02:08 params:  map[sn:123456]
2020/07/08 13:02:09 params:  map[content:-----BEGIN PUBLIC KEY-----
MIIBCgKCAQEAvPV1Ub9mQZasR+L8obL6jUrnCamO0WYt9COvikEENhY4xwlGmhCd
qdVg2gcxrRExpinrdQeaWQLWcl3uUH5NBgFQayU4ey1fLNto8quNo6kettpuwT2Q
vgepHSsV/ytFV9vEdIZlVMMwZE6PBFH1khHaiMOlewakWvC05np+U3spY/SgWXql
LbcQFY+uRbwjndlbcx9ipftziroNOOb4eSE6boJSAwZxSoWvf8x/+c9bzZbo7nf7
ksAqtdEVfJbzDs5FHQ3h7bvbchGPC395b44a2bHpSRhvS+ryx0eYhttMZ1gLVTQm
LSe8kxPtpJelnNp4jPzeHmMtO/Citgm0FwIDAQAB
-----END PUBLIC KEY-----
 index:1 token:a2ab1d0639d501aba7d40fce5a894f2b545ef79b]
2020/07/08 13:02:09 params:  map[]
2020/07/08 13:02:09 params:  map[content:Dv8obTj/WpLUWzOF28ZUtvMGCJiZ+6bUZlbYnSyJVHBeKzZk4PCgxjCbUyk/SWV9M0nYrZqWDvrVc2i+mGosa9kCY6GaTYyNvsFsW9Kp/HFycogRymeoTRZ3x7rfbAe41rteMXSX4faQMLSWSuXwhRu3mzOxz1pn8T33CqCZuZ/Tys9ixF+9it/gm3zT83JexRg7omH+x2MOMOSa5amKcS6LBrT7oY6Jq9tMY/7zVvmFIUYi0hiV4AKN2pbBTyrotTvMw1WmAKNffJZt7sUcdt7ZJI496cvdH/e5zAT/O+AhwkhrYf21JKApLZp/DyabqzxZ2UgmhYVr1/PiToC4eQ== level:3 receiver_sn:123456]
2020/07/08 13:02:09 params:  map[]
2020/07/08 13:02:09 params:  map[content:L1CXdTTrnlpMnKOrBs5JD3FViEvd3ZzlujXVY9jumOXQgwozWxQFvx2qY/o3DYyKNvMh/ko0zrKFMT+7rMNk2owF1wwCevoJKnmPEXju99v2EAMzDpHICnYCCNCAhmKEXLiB0HarltLQqxuE7EUPi3r5VYQBfVKdwtI/qGFnmz1fgwi/pKyh0pHEgOim7Ma/Nb4Z3cPBvOMrEG7Rxtk0O3vRsMIaWVu9g7D4tQKywglNZXhJlfTcDSHQoJa7tmz/66xI+xwAlGGQE4KVOnY/5ZGfZkSfgGJb7SoD5HsenaIMwyr78WWX81gwjitwH3jPFkKimXVEFtq+hJS54inKMQ== level:3 receiver_sn:123456]
2020/07/08 13:02:09 sended: %s {{0 0001-01-01 00:00:00 +0000 UTC 0001-01-01 00:00:00 +0000 UTC} 234567 123456 L1CXdTTrnlpMnKOrBs5JD3FViEvd3ZzlujXVY9jumOXQgwozWxQFvx2qY/o3DYyKNvMh/ko0zrKFMT+7rMNk2owF1wwCevoJKnmPEXju99v2EAMzDpHICnYCCNCAhmKEXLiB0HarltLQqxuE7EUPi3r5VYQBfVKdwtI/qGFnmz1fgwi/pKyh0pHEgOim7Ma/Nb4Z3cPBvOMrEG7Rxtk0O3vRsMIaWVu9g7D4tQKywglNZXhJlfTcDSHQoJa7tmz/66xI+xwAlGGQE4KVOnY/5ZGfZkSfgGJb7SoD5HsenaIMwyr78WWX81gwjitwH3jPFkKimXVEFtq+hJS54inKMQ== 3}
2020/07/08 13:02:09 params:  map[content:Da/xxwhhJiAkGbciDctBTWO7R1IUfZL+BFegMulzg8Y1jSk6+bv9iBKr7fvHyQoSW5e0ULljy3ZWVl36E2TVPyjpQKLu2nZnug0yrafLE6h6YlpGGgsZR03G/dkMtLbojoPzi6s7WwpVV6SRwSrLJAygRY+IzGJS3wiuJUMKZ4X98+wlm0feoKi4UnsMCl9K8Lf92j/4wbhc81eIcjBzJjlWN7zO2v/MVyS0vnD+wH5xteDQCAJ1bOAPFTuHB3yBmSRcUe2ULzDed1qXGqK5Q5lecooFKuSVtH+mYEH9utFigirL6HT859ZZd6R6DNe30rPk3QUolmASxT2r93SxIg== level:3 receiver_sn:123456]
2020/07/08 13:02:09 params:  map[content:-----BEGIN PUBLIC KEY-----
MIIBCgKCAQEAvoceJTA5vhbzekv5JIWL/NFIH2AwPZFu119h0WmPnKJ0NJCzzgoy
G3EG5t+gPkNLQNJnByoChLAsMl2TONfs/9Ncwhp1D+2/B4kLARg6ayyReNva2noX
fjDsJkqtyWTU7THK0NKzhWDFdFPw1+aTJmOgRNyaoF9Q4o5vx9hG3LwQ8dteRPWe
6Z6SuVXObuBw7Y7c0C91WIqi+KfCAg21lipVzQG1cX7CJvB72GLzjPVrwYo1aoY2
OLFkwR+ZvhZf0aW+nwPHTvHeBDvAXEXJRr9i+rQmDQSJ3LbYSSXRZXx9PfnYy4yj
2bsEFIOYCNyv/gQX/pfOzVgSAfA5sIawCwIDAQAB
-----END PUBLIC KEY-----
 index:2 token:a2ab1d0639d501aba7d40fce5a894f2b545ef79b]
2020/07/08 13:02:09 refresh public key: %s {{5 2020-07-07 14:24:46 +0800 CST 2020-07-08 13:02:09.076705 +0800 CST} 234567 2 -----BEGIN PUBLIC KEY-----
MIIBCgKCAQEAvoceJTA5vhbzekv5JIWL/NFIH2AwPZFu119h0WmPnKJ0NJCzzgoy
G3EG5t+gPkNLQNJnByoChLAsMl2TONfs/9Ncwhp1D+2/B4kLARg6ayyReNva2noX
fjDsJkqtyWTU7THK0NKzhWDFdFPw1+aTJmOgRNyaoF9Q4o5vx9hG3LwQ8dteRPWe
6Z6SuVXObuBw7Y7c0C91WIqi+KfCAg21lipVzQG1cX7CJvB72GLzjPVrwYo1aoY2
OLFkwR+ZvhZf0aW+nwPHTvHeBDvAXEXJRr9i+rQmDQSJ3LbYSSXRZXx9PfnYy4yj
2bsEFIOYCNyv/gQX/pfOzVgSAfA5sIawCwIDAQAB
-----END PUBLIC KEY-----
}
2020/07/08 13:02:09 params:  map[content:-----BEGIN PUBLIC KEY-----
MIIBCgKCAQEAuk/E9aB0G5bR2tcETjI6ENz4EZI8vM78lDWlux8tQSQ1iPlMwqsy
sWh0wB7JxY+0hmE2XUKPrrDsCIXsA7MfXHBteTzB6yCkB+1zpaY6qpepLHBPEuUS
s78PiO3eNJjT7yY9bNnMjMbf+GsKJT0afN/X4TCtU/rnNslL4kW9CpXObMWDFB1i
pai8A+eGBv9cZ+6fDnM2h3+P1kjpQJNKXa4rFofYKDG5FtAmcZdsqlqJM3ciJ0CJ
5QRqBXhB7w8nnXagyqDTddWApc9So7WPAMj/beSTzb5EIXtYnD7lW6/QKKskrn58
9Miz/F5JtUa2OgtizXjTj05A8gEsPzf3WQIDAQAB
-----END PUBLIC KEY-----
 index:3 token:a2ab1d0639d501aba7d40fce5a894f2b545ef79b]
2020/07/08 13:05:20 params:  map[sn:234567]
2020/07/08 13:05:21 params:  map[content:-----BEGIN PUBLIC KEY-----
MIIBCgKCAQEAsIWBlhIJkLg9NZRxGdRzFpPuyLPW5wYHwLSTBC7n5O4AsVL0zQXC
ypQvxic4XOnZSN7mASpC2bc6BI8o5G4cRqUWoZJKkHuD/kKb36dxQcvsF04WIPvC
SkrHadXzv+H5j95sTIk4N1gwpK6d40KZ1nDUt7A5SoPFtuBY6mavtt4kvSxwwpzF
JwM+7C+CNVDH9SxSXIQ30ONkOldrQAV59echSVmXGMfM+X2pe5lcf4lc18IKh7KH
mw6O9rpmT5DenMV/9SpzRJduQEb2DBc0ZiKCpHb+rz6wm+mfN8snRmEMeiBk9gye
e+4F8ulkTSD12gQJ3CMCHFV55JDn0CVI1QIDAQAB
-----END PUBLIC KEY-----
 index:1 token:2819c144d5946404c0516b6f817a960db37d4929]
2020/07/08 13:05:21 params:  map[]
2020/07/08 13:05:21 params:  map[]
2020/07/08 13:05:21 params:  map[content:Gao3wJ0zhNfv9f2oGbW2yozMsQ+hpCiq6MnYIH0noWOIJKh2ySPMwgSOP+jGMA7HfMQE8RzsWE74qNeuCElgMwLHkImfa9YNzTknxWfyOd+/8gvoIuGOwa3Li8T7nunZ3/mp+ClST5mWicG5znwoBx6dh+eOErRd0ZO9a6z6TKxgRMmBlxg3aZQQiEKRjumX+uTeJfMMTlJXywk+B5cjHSatQWJN2dsG2WJuhX9PPpbIdbmWO64MGT08csExKWKrcphOpH7Egtda4gbwlMM6MJyRV1hH6hHR9BgGgupgKVod78Ueqnr8ZDv7HAjKLgV0X2HnDJIh+0uvlFnxE8gyRg== level:3 receiver_sn:234567]
2020/07/08 13:05:21 params:  map[content:PCqUuuaKV4FIo2IHmDQWZHICtNRZPwXZRzmbTJwXdYbtoVKnqH5rYIf3yspudsB/VXDy+hW/Q00zh2ixpPm1K2pUl58+zyc6XYrI52OStbKdk9S6yQIprefmU2JbSd44Jb/8CBAffEhkgehzjmMYWPJtcH5YpLXqLJojBG6vDZuJ5EyVK00WlVJaXDRJnh4fv/PIA0PuumHl6CRhVBvZerVj86PI03yf6SBaXP4TIZ1EeeBiSC5TwCkTsPHSTHAxvO+kr7NBN7BK3V2uRb6eJjacnypwoBIWCvgFJQT+29B1tXg8SSBSZ+xJ5wqTalM84wxaUBUR/0JPNAvgF5gXOA== level:3 receiver_sn:234567]
2020/07/08 13:05:21 sended: %s {{0 0001-01-01 00:00:00 +0000 UTC 0001-01-01 00:00:00 +0000 UTC} 123456 234567 PCqUuuaKV4FIo2IHmDQWZHICtNRZPwXZRzmbTJwXdYbtoVKnqH5rYIf3yspudsB/VXDy+hW/Q00zh2ixpPm1K2pUl58+zyc6XYrI52OStbKdk9S6yQIprefmU2JbSd44Jb/8CBAffEhkgehzjmMYWPJtcH5YpLXqLJojBG6vDZuJ5EyVK00WlVJaXDRJnh4fv/PIA0PuumHl6CRhVBvZerVj86PI03yf6SBaXP4TIZ1EeeBiSC5TwCkTsPHSTHAxvO+kr7NBN7BK3V2uRb6eJjacnypwoBIWCvgFJQT+29B1tXg8SSBSZ+xJ5wqTalM84wxaUBUR/0JPNAvgF5gXOA== 3}
2020/07/08 13:05:21 params:  map[content:-----BEGIN PUBLIC KEY-----
MIIBCgKCAQEAuoLtxU4bUlHmwxZvxVL5aFqSoiCXvWb3XBKjuwLwdZCK9AE7k6cu
htJs9Rw8vsZ0vBl27/fp3pwfm7iSqnXp6SD0dJT79uFlEWspZEjQ7HoDxtp1o93H
s51VuqQ3frA88L4jwAPkzRlZU48xrYj4ka280/yNsTEsCXthVfqcdI0B8ES6dxBG
ArG0yTdrUOz3qBe3kb1M0soByazjANTQ/76JlVJ0YMksj8/VvAH2doeqBf2iImfM
vFdiO+3uyIYHHOKdwQt+PG/cWmIkRYjCVqDAQ8e50xH4KEjSmkHv5zrhObSyRRBG
H3JgAB4j2Z/b0o9B/zInu3aDP8kpBd2TUwIDAQAB
-----END PUBLIC KEY-----
 index:2 token:2819c144d5946404c0516b6f817a960db37d4929]
2020/07/08 13:05:21 params:  map[content:DHHjyf335iWBqSEJpQNQHD2CganVS8WHrZa0c3xt9cRKE3S3j7+fAtSrxsGuYk/KhY/IpYLT4/vMTcyIXTLtEOMPyQ+MKbrysOopkMV16TZPmpzXJXuU8k1L8KaxyWJvRtTV+Amii2PqX5+ncD4L79TvXNb1I8gP0ecTHQALB3rPdom+BnGt/OO6kX4Rhx6hnB8BZqAz8YSxQav7PVgDf7Hmw3DEsiXgzwjm6MUokeUpwytelO/d42jBtgeD6mXqEPZqC0Jc8gL4ZWggs1blzsCum1r+f5/nNimM8JTSkd09kfgh0FdyOSIm2wA69QMrKLXh7+SFJ0BSM9ljcMj7Dw== level:3 receiver_sn:234567]
2020/07/08 13:05:21 refresh public key: %s {{2 2020-07-07 14:24:40 +0800 CST 2020-07-08 13:05:21.646135 +0800 CST} 123456 2 -----BEGIN PUBLIC KEY-----
MIIBCgKCAQEAuoLtxU4bUlHmwxZvxVL5aFqSoiCXvWb3XBKjuwLwdZCK9AE7k6cu
htJs9Rw8vsZ0vBl27/fp3pwfm7iSqnXp6SD0dJT79uFlEWspZEjQ7HoDxtp1o93H
s51VuqQ3frA88L4jwAPkzRlZU48xrYj4ka280/yNsTEsCXthVfqcdI0B8ES6dxBG
ArG0yTdrUOz3qBe3kb1M0soByazjANTQ/76JlVJ0YMksj8/VvAH2doeqBf2iImfM
vFdiO+3uyIYHHOKdwQt+PG/cWmIkRYjCVqDAQ8e50xH4KEjSmkHv5zrhObSyRRBG
H3JgAB4j2Z/b0o9B/zInu3aDP8kpBd2TUwIDAQAB
-----END PUBLIC KEY-----
}
2020/07/08 13:05:21 params:  map[content:-----BEGIN PUBLIC KEY-----
MIIBCgKCAQEAyBBMBhHozDfIHmqkrvy97Xggf/97wPEeeqBPvuedyyCNCFIpE9Bd
6nie9fQpbMjjhz+YOFvq6JTRQAbMkRcp5pboPTwd1vO7gEG13qMPSJ9nvle1w2+o
jJzWsxcGJ+z+td2u/wfxo7bSu08BzWSBFg3f3/1UU8HHvFpWjyB8GmVnq3x8ARKg
rOLJlj7bxN5og85Dd34n+oBl9W9vFv/XLe1LoWISfT1hrCBSozSiKekhe0ON3dWQ
R+n3dZDs0pakckzXvw60Ohohl0ExZkzFzxLd5jbbtxAQ90EAnkkTn4NPY6GRw14X
p9417JlhUmd5fyWESi49Roqukdo4OuzKZwIDAQAB
-----END PUBLIC KEY-----
 index:3 token:2819c144d5946404c0516b6f817a960db37d4929]
2020/07/08 13:05:29 params:  map[sn:123456]
2020/07/08 13:05:29 params:  map[content:-----BEGIN PUBLIC KEY-----
MIIBCgKCAQEA2Ku2jKh4RY4KkbI56EQb+ymflVKLg0QoXI6f+sm/Sac0LpNBMtvN
iP6OIBfyys8hwobfN9/pUQ016yC7SSCAsmgx5r6mQI3kcnNCapmOPjrul00gxvSy
xuQFB8jdRPn6CiaR77Soa9kL2+mLsppwwOdVlblzavhAe0RB4IT2dGqs0j9XvOBz
7ryz+JpkU7asqOizKGh9RwH7+hHRPHfXF1EMQonKHd86uF9Poh9ZqYcDSvJzJnUl
lBLmfLMSNlgKDLNlHWQ/HWezvahdHhT5zQtY6ybM1VfwOuQnI+D2VQzXKX4WZF5z
5or/nxDqiRi0W4RRvZHoPfXufzCaFhFNoQIDAQAB
-----END PUBLIC KEY-----
 index:1 token:a2ab1d0639d501aba7d40fce5a894f2b545ef79b]
2020/07/08 13:05:29 params:  map[]
2020/07/08 13:05:29 params:  map[]
2020/07/08 13:05:29 params:  map[content:LkkyRvsZkIQ4uhZ1xOIQaYvTO4bz/0CHWDC1RwNV2eCRnmImQyvLK+nZBp0rSxmhUp3MmodOdj8ICoMrjeZ4HNC218sNtL2+PIrUtk/9u+YnOlofG23FZVOz+1ZKt4R1FiuA9zTZ/jtDjwWAA0jkQqw5DltxilUTAOctoKbxKuM41I3c0VRgar2J9c1DTgGKnpMvHIZ8r1mHPdt2y+9V3e8tXzcO2XfEv/Me0c28kD9UtjVVkwNiX31WYosefvSZAGk8m4bdchYqIQqHzJ++/Uv9WiiGSKI4Wag7FkspgrAgnh/EcwKcm9yqfc3dOW1rsvMr9+CbSqqeFYmpQEvJkw== level:3 receiver_sn:123456]
2020/07/08 13:05:29 params:  map[content:rG9RBSvBpOCpGwSX2Ua/4j2Amm6Q5cIFMuEE1QMHi1LlmPSvD1WdTbZqsR6ilZugxqHRRlUSTDC288ZV79PIqL3rDahQewJ+adrlrko5VkDNGyGEiT6jBPPila0fE0/gg/hX/FP+dnYpQiFiY/HkVTUBVDB+WftSZ421mbverG3NQu8eqolHCPgJBdJqBUoPzpK3KpyQIB3gcAG9+GRNS2EfL85SweS0b4JoS2jPm8P+ce1LoDzI3xBwHOPvLH6zGiqLzRi91Tbt+JMKPQ8UAD4MPiF1PUTE+wP8N6aFlDsClsSQ5sv31TfE9ef9irLW7HczshV6mCFW/YaUFkBQWg== level:3 receiver_sn:123456]
2020/07/08 13:05:29 sended: %s {{0 0001-01-01 00:00:00 +0000 UTC 0001-01-01 00:00:00 +0000 UTC} 234567 123456 rG9RBSvBpOCpGwSX2Ua/4j2Amm6Q5cIFMuEE1QMHi1LlmPSvD1WdTbZqsR6ilZugxqHRRlUSTDC288ZV79PIqL3rDahQewJ+adrlrko5VkDNGyGEiT6jBPPila0fE0/gg/hX/FP+dnYpQiFiY/HkVTUBVDB+WftSZ421mbverG3NQu8eqolHCPgJBdJqBUoPzpK3KpyQIB3gcAG9+GRNS2EfL85SweS0b4JoS2jPm8P+ce1LoDzI3xBwHOPvLH6zGiqLzRi91Tbt+JMKPQ8UAD4MPiF1PUTE+wP8N6aFlDsClsSQ5sv31TfE9ef9irLW7HczshV6mCFW/YaUFkBQWg== 3}
2020/07/08 13:05:29 params:  map[content:-----BEGIN PUBLIC KEY-----
MIIBCgKCAQEAvMy2bKFu/YDRgkD9iEh2IP1bwTKFhrtxOfhzE0N+196BCqmjYYS+
OO8uw4kqneVkE1eyb1LICG3Z6lfHuCkUc3QZCb7LvanUDfpqu+P3eFhBPtraprgm
Y7L+0mzbm1HRYkWNet09uaG2Q5F0cNCQPIn9NtnAew8rX+n+qp5y0l5SA78UONIw
aYtfEzlgSv3RgM51BvOl+zPnwSg8K78rKjxr5uO3HF6fmK1uvmQ2RAthkmIDBSTZ
sJ2y3Yzp9Xa1+8EhM6Dg2wXYm7TOjov6ppjqLLqFfSiYPwqtkXKfMVLx7J246Ad4
qc9dUaKR1ouF7P/paKucTCkc2e7NmkQ5HwIDAQAB
-----END PUBLIC KEY-----
 index:2 token:a2ab1d0639d501aba7d40fce5a894f2b545ef79b]
2020/07/08 13:05:29 params:  map[content:RD5TvA1hYRzSHqI38abLVi0N725xd/KvIqhZEJgc/x8S2sbyc5cfBUEZAhamc2QLj4by4Y+L5Bz864mEDPg/dC+lqd8Auig7vurndUvVTBITUBbq0Z4WUXbY5TwdrzcGV0edWjQJ7SZIuhXRPKrX+MYDt/VJs4Fz0fJ0MkHiTtcTHHSpJL/8aXYAn3jz+KU+mwekPQuTHF/YJpC9BI2MsdYOJMuuc8enfEIhTZFo6OOpiib6fHA+YSu4cWVEw0Lk7S1Jfcf3EOPjyZA0zvr2eqXDuLrTnPmVo2Rzf+fefshR5qqlOrdhSaWKFBa95FSQQyPw+tWWQLTb5T0IF32KJA== level:3 receiver_sn:123456]
2020/07/08 13:05:29 refresh public key: %s {{5 2020-07-07 14:24:46 +0800 CST 2020-07-08 13:05:29.916143 +0800 CST} 234567 2 -----BEGIN PUBLIC KEY-----
MIIBCgKCAQEAvMy2bKFu/YDRgkD9iEh2IP1bwTKFhrtxOfhzE0N+196BCqmjYYS+
OO8uw4kqneVkE1eyb1LICG3Z6lfHuCkUc3QZCb7LvanUDfpqu+P3eFhBPtraprgm
Y7L+0mzbm1HRYkWNet09uaG2Q5F0cNCQPIn9NtnAew8rX+n+qp5y0l5SA78UONIw
aYtfEzlgSv3RgM51BvOl+zPnwSg8K78rKjxr5uO3HF6fmK1uvmQ2RAthkmIDBSTZ
sJ2y3Yzp9Xa1+8EhM6Dg2wXYm7TOjov6ppjqLLqFfSiYPwqtkXKfMVLx7J246Ad4
qc9dUaKR1ouF7P/paKucTCkc2e7NmkQ5HwIDAQAB
-----END PUBLIC KEY-----
}
2020/07/08 13:05:29 params:  map[content:-----BEGIN PUBLIC KEY-----
MIIBCgKCAQEAutMvPOp8B1tChU1nxKyi/Z3SGz2Etu7Y0+TQ8Aq1jhrXpL2vpQfR
NrdNeKyvNtk4v/y2m3fM3Gg67CAYsyi0cWZguzhFRwRBPAjTE480W2/91q2HWDvF
Nh+odaUyA6NmGBuspljJeEalVqju500ubVChA3Bhp0zCS2GoBzf5EJ0rtAb0NqCc
koG2/lVOGVwKCmzCjQtBHTdYNQVEMUHmZHgmwIe7cm87ftEJBdRjd9hx2yG2eQDn
WaW3RTMYruFbdF7rILBJxcDIkwNqswTAHlGot+DUF7cw1zzBXpMYkyJizpVbx4BH
+eyUJicpxmdFN9nA/1RKtt9zomUb7D1klwIDAQAB
-----END PUBLIC KEY-----
 index:3 token:a2ab1d0639d501aba7d40fce5a894f2b545ef79b]
2020/07/08 13:05:40 params:  map[sn:234567]
2020/07/08 13:05:41 params:  map[content:-----BEGIN PUBLIC KEY-----
MIIBCgKCAQEA1WpSBDzaDmLxYS9vpTzPZ/NJCUbi6YEWIWsLu6HtBPpjlyttiqwH
prTnX+CHIkkqh6a6PKhELZOj1ChOiV1yH3ywRlaaWOKXK63KQJJ0CwgkPLatNuKa
DPzC/uhy06Y76gTaAVCIhtlDjhy6r/Tw68SVJZMAptdWuVRAchBvN85KHkk2+k3d
9dH9hUGlrck27Ayqfzn/yQ+vHFp83ItLXEPBmOBXE23uBkN8rx8iDJttBXnZ2Kwu
ohYZuSNBE/f+RFz/8Hpb3emaYzBegcFjfBuVpl/QIv4BObUDdpDqEKxZPXgDEWvH
tduQcmv85CUJvpBw/ruppO3hj3RzIdl8RwIDAQAB
-----END PUBLIC KEY-----
 index:1 token:2819c144d5946404c0516b6f817a960db37d4929]
2020/07/08 13:05:41 params:  map[]
2020/07/08 13:05:41 params:  map[content:W+j7vhamZDMRMvD8/PoBwQs1TrCzX16SJoCdhFDHQ/M3vDKT1L9tOKqmm8KOPEJrCfe4K2WT0LPRtUhWouGC2KeXqzKZuv7HlzMNLt/czajoEOnP36LwNRFezwIhoyrKmI4kziBHMxLyVpyLHeaxq65CJY/Y62xYawL8+sEMznkuSI5dCLVCoYZbWnyZK4I88LBIfC0Ykiuwp+MaQaIMUtGywS29RAA2qzoXLvsM2vUtIy88cjLzTG784ogZfvscDPPuavg7cr+y6d+FKu0BS6iKImSXh9l1Edb77Usf0s1GUjnl53RNWAvLzKLKLJZPVeR/88m570Jmzmi8c+0mew== level:3 receiver_sn:234567]
2020/07/08 13:05:41 params:  map[]
2020/07/08 13:05:41 params:  map[content:jGTOAzVfJzPkl7nvqqV5hLRALQc+Y0azGUPEv3nI/efE+wIbKg0+c2SnZ4ndnRBmNAV8WhOqwJjRTAO8PWXIIPDWxm/IOyvSCo+WSv1qIMnL4Z+Mzk2KlwJPV4qUMm6CPxGB76KgqpNGmf2sLpKXyFmnoerl0Qpb6FVjdE3+ARUTU5umiJACnKk1tgjzKfHX6UBblbLfOx/Lj35mjGpLupAZ4x4FQUde0ZLHnSMBGauPCz6gIvG5Gks1xsrCBY+4suaFc6fhPiXR4uoK9dCQ1GYm01VHMK4PSwp6TXPpVpnhWLnuFREF6MsFRH0XhlIcR3rU3T0gheTeSUX2q9hOYA== level:3 receiver_sn:234567]
2020/07/08 13:05:41 sended: %s {{0 0001-01-01 00:00:00 +0000 UTC 0001-01-01 00:00:00 +0000 UTC} 123456 234567 jGTOAzVfJzPkl7nvqqV5hLRALQc+Y0azGUPEv3nI/efE+wIbKg0+c2SnZ4ndnRBmNAV8WhOqwJjRTAO8PWXIIPDWxm/IOyvSCo+WSv1qIMnL4Z+Mzk2KlwJPV4qUMm6CPxGB76KgqpNGmf2sLpKXyFmnoerl0Qpb6FVjdE3+ARUTU5umiJACnKk1tgjzKfHX6UBblbLfOx/Lj35mjGpLupAZ4x4FQUde0ZLHnSMBGauPCz6gIvG5Gks1xsrCBY+4suaFc6fhPiXR4uoK9dCQ1GYm01VHMK4PSwp6TXPpVpnhWLnuFREF6MsFRH0XhlIcR3rU3T0gheTeSUX2q9hOYA== 3}
2020/07/08 13:05:41 params:  map[content:r3bQSe1GNn0AtyGAd6GA+D5aHRNBS1vaP63nkhXq8QgQ9ayvL7wXH+HHZaUe9Vya9PgXQ5lJJTqNvHq0Voeg0mgHKJBPMUeWsVZx+7ywFWysdz0p0c3MZ7L0HU4o19ko5UzTzSC7Xk629BUhJKhceJNo0XQ0fPK0mXquJabwrr5bw6Gl8t1o1xO/iiruVRq6i+PBpmlkBmckd8FGarxhv7bwOMe/tla05PuXvH/ShAlcwtYFHnCJ5JAEG6503yhm20LiZqkG+LkbGU+HAveYX6TFx796QCNAPZs/7YbCqt50Kz+oZTFwDibuNMiZ//L+pcIZs73ZhB19QWvG/WAkjQ== level:3 receiver_sn:234567]
2020/07/08 13:05:41 params:  map[content:-----BEGIN PUBLIC KEY-----
MIIBCgKCAQEA6c+NXQDNwuAVZv9FmL9ZbBFkB6SxNKCkmgKTph9sykDkF7Uzp6Ox
ET5UY9P3kpMpLE1giqtg0eAh3WHNUC5u3gUJ5Iq62Ugn8nzueVRvhGDSL8M1OEhR
JFzrk3CJC+vOpY0mQbsp1V/jvgxOhdGvIR/YyAUxAG5Scxxd8WSQmKM0JB3AxWtC
LfA1s0tVYWlSZGFiKQdvz7PBSykfCfnUV2oh7swpySst+Y/1gFxnk98nvFTE8eQY
O6K6vOnb2wXhdDSn6Zzz0gBoPNk9ftXhVVtd0evul9T8fObeZAj/pStMwuZUp0wW
WQWegNkyjcSEDm3svdahH0y0Vv0S3lkYhwIDAQAB
-----END PUBLIC KEY-----
 index:2 token:2819c144d5946404c0516b6f817a960db37d4929]
2020/07/08 13:05:41 refresh public key: %s {{2 2020-07-07 14:24:40 +0800 CST 2020-07-08 13:05:41.488683 +0800 CST} 123456 2 -----BEGIN PUBLIC KEY-----
MIIBCgKCAQEA6c+NXQDNwuAVZv9FmL9ZbBFkB6SxNKCkmgKTph9sykDkF7Uzp6Ox
ET5UY9P3kpMpLE1giqtg0eAh3WHNUC5u3gUJ5Iq62Ugn8nzueVRvhGDSL8M1OEhR
JFzrk3CJC+vOpY0mQbsp1V/jvgxOhdGvIR/YyAUxAG5Scxxd8WSQmKM0JB3AxWtC
LfA1s0tVYWlSZGFiKQdvz7PBSykfCfnUV2oh7swpySst+Y/1gFxnk98nvFTE8eQY
O6K6vOnb2wXhdDSn6Zzz0gBoPNk9ftXhVVtd0evul9T8fObeZAj/pStMwuZUp0wW
WQWegNkyjcSEDm3svdahH0y0Vv0S3lkYhwIDAQAB
-----END PUBLIC KEY-----
}
2020/07/08 13:05:41 params:  map[content:-----BEGIN PUBLIC KEY-----
MIIBCgKCAQEAqYUS7gTeF70m/vZ4lk8Fi/mxp39ku9x9BemLqmehhGRWZ7dYZxLZ
9ndbc+fXKlHfEgCCyesSWAMl5jTZjTgWTymvzc5Nylx2/sKow/pFCiRPytpuVSII
k80smuZYRXLlNzRp7qP0pnFR36bvaysHRQUrbEPiwoF4HWWAAj4fmiGsitzP3eEq
5l9cvwEj/sL4OWpX35cB5hEgveIROwY/A3q+CqZwMQ9nckbKD2FYOZPsjLJbbvK0
T5KcKPtH84AfJmGGG89MFu4dsk7AfMxLBW7Objes7VilEvQ0f6/CwjucYPqqjMTd
ZimAoG6vRH0zts4zsC03Sj55tf1H9P54QQIDAQAB
-----END PUBLIC KEY-----
 index:3 token:2819c144d5946404c0516b6f817a960db37d4929]
2020/07/08 13:06:03 params:  map[sn:123456]
2020/07/08 13:06:04 params:  map[content:-----BEGIN PUBLIC KEY-----
MIIBCgKCAQEAshDk0SMJgt+0uU9/SwcXdMefUIa0Y4V5SpTlAPWhCDCSQ1i1cePK
20VGuG7sbegns+4SUh1UMrGVrQZK/8e0LpasPu5Cll0U9tmmonX7y4xGrNYFUEoI
Cex9qRvV0w8TO7l9+OFqi34R0Pj1BXfO9Iv+9YhvS7f0MDqa+bq2yYhEk92V8wqz
k8cVLwbx6qDCzIjS/v5dUdNsb+dOHwVKciX6q3aujx2sLvrVNt7eQBBY4mv5h6ax
d0bKiaBB18wQRPIW7mongJHykuNlel6eOmzuWwY6+vekKEQMCqD5dOlHDYkZG5ar
ej4/MV5fjJRd10mpcXNy7IncXBVvKUxp/wIDAQAB
-----END PUBLIC KEY-----
 index:1 token:a2ab1d0639d501aba7d40fce5a894f2b545ef79b]
2020/07/08 13:06:04 params:  map[]
2020/07/08 13:06:04 params:  map[]
2020/07/08 13:06:04 params:  map[content:P7HxvAp0HN9MmIq6ELT6Hb4kqV0DQNB1qWj68HyuB1AWQ+JBByhRElaYatarkX62xaMJC3ury/m5TEE1XbEKVvlQN7WwDHKUADgKOyzIkbnYIKjfFD5UGu7MYPi+ZtXLQaTXsTOmBT2E9KEG4Kh1qtby3rG6Dpwdal3dMJs8wRjFbdWlMTeuORYY4wHCb3OfIaeQhcVjjT6zJgIwlq7gxLIyqBp+qz33ckNXd3Tu6p9tfRBl5p6qO3yYFPNSbkswNzl4VhfWOQ41/LumeeaIfC9PnIDPfUTlXOdSHk5i0DKkDXWKLeM8QRdAaW2RZME6xegbtLs7wpSRbKgzJ2/l8w== level:3 receiver_sn:123456]
2020/07/08 13:06:04 params:  map[content:LSOu7Wduf3KIFyPymLzHNRTcSH4Gm3CuL6Ls9bEStiHLvUA/CmIPiEv/OvqnTZVhi3t0YSqDnF+JNjSlTiIJY0o5mYt/8TLXFoWIJke1OwYFGF7Xw4RxHxIVef4TW8oSf6hi0F2xjbBo5ijeHv0cD4Lc47bW3RqLdmETyeYrOLci0VlS9U0SAtXA36saeYQWQ39cwevYT4qQqIPHEDVLCUlyuMlZbmrD4JPNLIWtD5amo5/VAAnTSGHipXU/K712/L8xT7Hy1e3x0PHeASxUr+YejPLHg/+1icJ1YFp4LmDyD56oepcL4bvOWsPvEHnA2sTEqRbZdOrm8qXkJ5KeJw== level:3 receiver_sn:123456]
2020/07/08 13:06:04 sended: %s {{0 0001-01-01 00:00:00 +0000 UTC 0001-01-01 00:00:00 +0000 UTC} 234567 123456 LSOu7Wduf3KIFyPymLzHNRTcSH4Gm3CuL6Ls9bEStiHLvUA/CmIPiEv/OvqnTZVhi3t0YSqDnF+JNjSlTiIJY0o5mYt/8TLXFoWIJke1OwYFGF7Xw4RxHxIVef4TW8oSf6hi0F2xjbBo5ijeHv0cD4Lc47bW3RqLdmETyeYrOLci0VlS9U0SAtXA36saeYQWQ39cwevYT4qQqIPHEDVLCUlyuMlZbmrD4JPNLIWtD5amo5/VAAnTSGHipXU/K712/L8xT7Hy1e3x0PHeASxUr+YejPLHg/+1icJ1YFp4LmDyD56oepcL4bvOWsPvEHnA2sTEqRbZdOrm8qXkJ5KeJw== 3}
2020/07/08 13:06:04 params:  map[content:-----BEGIN PUBLIC KEY-----
MIIBCgKCAQEAtFQtxXztZHK+od1r+ZIWgNgr2Ssg2FAMUsp2/jJ0J1ll49j92LnZ
aH55a1yhuvpCHjMLj7ZsNVtPsS5vY/kPoZ1tfxuOYzlBz+U/XfvHQnL52NsJTPOn
U1v6VYtHqUFrzBLZ2Ul58m5SH00oSOOt6YjdJC/m8GSmlJDo1gAstZa6H/Ytw5cF
fZsGvE5B8WRnHF+Sqnx6xfqrRB5fr2szvelEvGHeNbn0Qif2hlkqUIfN+5IcWQFB
sCmvq5l8DelNQFAZ9ryhjJ+AoLI1UVtJz3JNo0l3enDiE5pBHfwnQJ//HQsG0wfs
rtRZQjGdk53+q1q3/+Ne6tS6g7c19HkIpQIDAQAB
-----END PUBLIC KEY-----
 index:2 token:a2ab1d0639d501aba7d40fce5a894f2b545ef79b]
2020/07/08 13:06:04 params:  map[content:CRrRaq7dd4TXyDFwZbABF42l+1orJMOVKK1hAl3kUCcjYdJfL2SVD8C5Yxm8vFJiIiQaqP11kpk3BIYh4kDSYLlw0YzyIlBTGN+5i6coiZoNFjvptCUfB/pZyEYePnjlBRHIj82uE3aeZPgIMzGbeQGz0A/7Wo1iObbHInO474lLed3/b0mp0BxlXrXWpfWq+QD4QpRh/ilYK4Ud0k3m8e3M7H+wxAdrOieYyspvWuB5BOEzhxYHiuvJ5hxFQjH0WcKTlvMQn4OeNcZZUSgJtxWYEvp/Z9guVbqc1EFwZwDzxuItoRCp4JUmb44BEfnSDnZ6OGKlUacbLOyzPp5qEw== level:3 receiver_sn:123456]
2020/07/08 13:06:04 refresh public key: %s {{5 2020-07-07 14:24:46 +0800 CST 2020-07-08 13:06:04.329326 +0800 CST} 234567 2 -----BEGIN PUBLIC KEY-----
MIIBCgKCAQEAtFQtxXztZHK+od1r+ZIWgNgr2Ssg2FAMUsp2/jJ0J1ll49j92LnZ
aH55a1yhuvpCHjMLj7ZsNVtPsS5vY/kPoZ1tfxuOYzlBz+U/XfvHQnL52NsJTPOn
U1v6VYtHqUFrzBLZ2Ul58m5SH00oSOOt6YjdJC/m8GSmlJDo1gAstZa6H/Ytw5cF
fZsGvE5B8WRnHF+Sqnx6xfqrRB5fr2szvelEvGHeNbn0Qif2hlkqUIfN+5IcWQFB
sCmvq5l8DelNQFAZ9ryhjJ+AoLI1UVtJz3JNo0l3enDiE5pBHfwnQJ//HQsG0wfs
rtRZQjGdk53+q1q3/+Ne6tS6g7c19HkIpQIDAQAB
-----END PUBLIC KEY-----
}
2020/07/08 13:06:04 params:  map[content:-----BEGIN PUBLIC KEY-----
MIIBCgKCAQEAm2ydAz5DjibpHusgCnJxLQ+0+LpdFU+v2sto4W63M5qmeid8msvS
6en1l3xwic07flO1EEIXqZ1qqZsbL04R0HxovMBOQOPUXuvbzJEEfYgUhrOJJZd0
nCXhoubtZsyH8dc1TQFcpbP8UVFGoZfFK7Ul4O6zR4TBOKKWOGupDIEMpGDYsMVn
JmD5v85IbBAlxtXsmwmrtfHwN3rxVvbzKpNUyK9g8t8yqI/0Gw9y8Wh6shV/vdr+
PD6toI/up/Q01toWvYgwHMl/CsWYPHdxZbCAU7wyVuH1SAgts2MSE9J1scjgwcI3
/AsrNGwGsEYY49vAk+hAD8UgRGpjWwO4XQIDAQAB
-----END PUBLIC KEY-----
 index:3 token:a2ab1d0639d501aba7d40fce5a894f2b545ef79b]
2020/07/08 13:06:13 params:  map[sn:234567]
2020/07/08 13:06:14 params:  map[content:-----BEGIN PUBLIC KEY-----
MIIBCgKCAQEA5PIedH4aaVWgeNqTuHYqkw9pF+FB4/48b+DTod8EDK6gU9r3eU7b
U11CezUzQp/8eREMx9MtzLaXAqtmgAxO4eFxhFXrDU3H8u5omKGCPDEYgdAqh0YR
9gWTZSxglFaH+CMfTvY2g8bFPAVd1ILqhST4VIoYIdBOvdciZKRVnTksjyElrfF+
klYYBDNlwcQmeg9weFYZ5LPleIVokRVww9iqEC/8oggoYTfcAZUOOTaLyDT2v2Zg
z9nlRt6pz9d5F3qpOuZe/3HPF4cZH8LTHF5ww7pR/1w3qLEXT9ipNlvO7hNzmJ6G
RmACUSy0ai7fE4/k9k/kpH0NqOLfwNMCSwIDAQAB
-----END PUBLIC KEY-----
 index:1 token:2819c144d5946404c0516b6f817a960db37d4929]
2020/07/08 13:06:14 params:  map[]
2020/07/08 13:06:14 params:  map[]
2020/07/08 13:06:14 params:  map[content:TwbJ3VR6mPqKtBzyQ0sSPp3KsNN0zCT/v9IzKJFmK4tJSJJJG1+8RgtnlI2jNB5px4+k4y0X5mfo6R92aFz+8G0VbOQYiOgd1Ojf+bC0+y3eUtaPGTaNcPflQN+aIYgJ6UhSpLX7oJm+nk3qGCaxVHgGpeDpHuHpivnRD9sDsL5rlAfiWv8JizYHTU4y5dZZIvIlXTJmWTCS1aeYV1/rOwuqYLURqm1SXT2M9hict/9eRA70PVasYlfuavExJ/JCIzclqsui5YeA3JU5icFbKCLQ/V/XC7zToS/vSg7am9WP4tJjtzjJdvhcd7PCY0fscngsWE9HhLaI1wjCvqBsZg== level:3 receiver_sn:234567]
2020/07/08 13:06:14 params:  map[content:nwoHB8mxYulIjyOGFwIVcZ1Fk13itGaNb1uLyc/R2p1CzJLTNIa/Zv1Nl4r6SCvsIHHbfhZExSkuwmOLgrffmOI91oUR2LJR6CSH6w+vtt+TwgWufVlJU59+sEp+tEGyqi7wVFYNnkcsZcPEDOXa1mSJq7QW04IYnXswMbeCiNsO9pCoANLKtcbykxYuZ29vZT6shWAuqeMAHUaizsjtlmi/2uWDqE8M7QZdJdRrvOupqYUvvG2uwe2EPrJKabZ45VfqyJF/bkVuM0E3faXqpp5NgkYedtsWVBxevGb1LbyEVZsb/hJZKEaZHbUkuGJ2qxhhQ6jEInypp7d5JqRcPQ== level:3 receiver_sn:234567]
2020/07/08 13:06:14 sended: %s {{0 0001-01-01 00:00:00 +0000 UTC 0001-01-01 00:00:00 +0000 UTC} 123456 234567 nwoHB8mxYulIjyOGFwIVcZ1Fk13itGaNb1uLyc/R2p1CzJLTNIa/Zv1Nl4r6SCvsIHHbfhZExSkuwmOLgrffmOI91oUR2LJR6CSH6w+vtt+TwgWufVlJU59+sEp+tEGyqi7wVFYNnkcsZcPEDOXa1mSJq7QW04IYnXswMbeCiNsO9pCoANLKtcbykxYuZ29vZT6shWAuqeMAHUaizsjtlmi/2uWDqE8M7QZdJdRrvOupqYUvvG2uwe2EPrJKabZ45VfqyJF/bkVuM0E3faXqpp5NgkYedtsWVBxevGb1LbyEVZsb/hJZKEaZHbUkuGJ2qxhhQ6jEInypp7d5JqRcPQ== 3}
2020/07/08 13:06:14 params:  map[content:-----BEGIN PUBLIC KEY-----
MIIBCgKCAQEAzswuudpX6Fm0HIwe5n+9PvC4Dj9tR0hOjlTpctSopowiZqYxnePm
+V0bL2mp1il6qpuCXZHETyeg+WU+X0McwJexI+/rbrvivmB+9rPR/jEIdbx0OWtg
qNCfDHXRi7422gv6gHa+wXYDSr55nLXNClC6x78WzAUlJ/UlyRuqYkGELkdkymIQ
Ebko2YHrpAPmU5YyGK8n13fr0liOaLf7dFh9gT4CO9toZmPP1ShKDPgiEax/8s6/
NpVmh7uDpQo2vyWObGfKqH45wb3qNzNbIl9NuGbSW7EJWJF5sO6vWct2QtbDFzNP
jeyw5lKkFluB9CvY6h+A7RJBoZLxJqjU0QIDAQAB
-----END PUBLIC KEY-----
 index:2 token:2819c144d5946404c0516b6f817a960db37d4929]
2020/07/08 13:06:14 params:  map[content:Nev2QYu/BAziHRtgJQUneJvmrJyLNXPmhRXYl3zrruIqVWULMtHkhvjIP9DZCqd5lld80pPHfeBikR2WkdSFxJuaqXttqyynWxBXJLQwm7B0PauMUbpueMRLepZDRA4t+fshTfhTs9veL38ZhRBpaL+9CKzLw5lrqDg2xj5gNrUtzAR454rIweBTzDckbNOP4z1OlsBur9qOkK4haCOk7hUjfbPS2vuyuj1pOUOTcFjmHjXNSC8MttbdvQUoagREJKZGmpB5rvbZ5TKT42iA/f00slrwf5QQAPOCDQCmB5PmtMMNvcVK4681jRTgQCLKk0Lvz7Vt53f1x9h8um3Evg== level:3 receiver_sn:234567]
2020/07/08 13:06:14 refresh public key: %s {{2 2020-07-07 14:24:40 +0800 CST 2020-07-08 13:06:14.430244 +0800 CST} 123456 2 -----BEGIN PUBLIC KEY-----
MIIBCgKCAQEAzswuudpX6Fm0HIwe5n+9PvC4Dj9tR0hOjlTpctSopowiZqYxnePm
+V0bL2mp1il6qpuCXZHETyeg+WU+X0McwJexI+/rbrvivmB+9rPR/jEIdbx0OWtg
qNCfDHXRi7422gv6gHa+wXYDSr55nLXNClC6x78WzAUlJ/UlyRuqYkGELkdkymIQ
Ebko2YHrpAPmU5YyGK8n13fr0liOaLf7dFh9gT4CO9toZmPP1ShKDPgiEax/8s6/
NpVmh7uDpQo2vyWObGfKqH45wb3qNzNbIl9NuGbSW7EJWJF5sO6vWct2QtbDFzNP
jeyw5lKkFluB9CvY6h+A7RJBoZLxJqjU0QIDAQAB
-----END PUBLIC KEY-----
}
2020/07/08 13:06:14 params:  map[content:-----BEGIN PUBLIC KEY-----
MIIBCgKCAQEAtgDEFlK9VXZrl6+wpTOEi3HW1HabohP0RmdAFVSfcgu26lA9livO
deXjbQTfZovcBnRYofzXAXfZtLLseKaOmyGhwNPr6yWi3lYAZoz7AXXCrFAsfbS4
RGpXeQLtDsE1I+lpb3KJysXV1WGCLuQBnSej+ueHcPTcFq5/g1z0asfZw3dkmnxD
krE8XMAOmDo5AMLDNr7AjHdBYJ80vkh6flJHJfMggzc4yTVknYXLL+Jk4F4gRCuq
RVSHUrcIaPrZPdmKJ3k5+W3E2EAhimeJrwnEXor5RBM9zKCriNpaF/ipHy8TLC0g
ZK+3aX/zF0288r2alSd0D+0yQ0xOFfnn9QIDAQAB
-----END PUBLIC KEY-----
 index:3 token:2819c144d5946404c0516b6f817a960db37d4929]
2020/07/08 13:06:23 accepted signal
2020/07/08 13:06:23 shutting down complete.
2020/07/08 13:06:23 start close echo
